Log file open, 09/11/17 15:28:39
LogWindows: LoadLibraryWithSearchPaths failed for file aqProf.dll. GetLastError=0
LogWindows: LoadLibraryWithSearchPaths failed for file VSPerf140.dll. GetLastError=0
LogWindows: LoadLibraryWithSearchPaths failed for file VtuneApi.dll. GetLastError=0
LogWindows: LoadLibraryWithSearchPaths failed for file VtuneApi32e.dll. GetLastError=0
LogInit: Display: Running engine for game: vegetation_pack
LogPlatformFile: Not using cached read wrapper
LogInit: Display: RandInit(-950349364) SRandInit(-950349364).
LogTaskGraph: Started task graph with 5 named threads and 14 total threads with 3 sets of task threads.
LogStats: Stats thread started at 0.169131
LogD3D11RHI: Aftermath initialized
LogPluginManager: Mounting plugin Paper2D
LogPluginManager: Mounting plugin LightPropagationVolume
LogPluginManager: Mounting plugin CodeLiteSourceCodeAccess
LogPluginManager: Mounting plugin GitSourceControl
LogPluginManager: Mounting plugin KDevelopSourceCodeAccess
LogPluginManager: Mounting plugin NullSourceCodeAccess
LogPluginManager: Mounting plugin PerforceSourceControl
LogPluginManager: Mounting plugin SubversionSourceControl
LogPluginManager: Mounting plugin UObjectPlugin
LogPluginManager: Mounting plugin VisualStudioSourceCodeAccess
LogPluginManager: Mounting plugin XCodeSourceCodeAccess
LogPluginManager: Mounting plugin AssetManagerEditor
LogPluginManager: Mounting plugin AudioCapture
LogPluginManager: Mounting plugin FacialAnimation
LogPluginManager: Mounting plugin GameplayTagsEditor
LogPluginManager: Mounting plugin MobileLauncherProfileWizard
LogPluginManager: Mounting plugin PluginBrowser
LogPluginManager: Mounting plugin SpeedTreeImporter
LogPluginManager: Mounting plugin AlembicImporter
LogPluginManager: Mounting plugin CharacterAI
LogPluginManager: Mounting plugin HTML5Networking
LogPluginManager: Mounting plugin AndroidMedia
LogPluginManager: Mounting plugin AvfMedia
LogPluginManager: Mounting plugin MediaPlayerEditor
LogPluginManager: Mounting plugin WmfMedia
LogPluginManager: Mounting plugin TcpMessaging
LogPluginManager: Mounting plugin UdpMessaging
LogPluginManager: Mounting plugin LevelSequenceEditor
LogPluginManager: Mounting plugin MatineeToLevelSequence
LogPluginManager: Mounting plugin OnlineSubsystemGooglePlay
LogPluginManager: Mounting plugin OnlineSubsystemIOS
LogPluginManager: Mounting plugin OnlineSubsystem
LogPluginManager: Mounting plugin OnlineSubsystemNull
LogPluginManager: Mounting plugin OnlineSubsystemUtils
LogPluginManager: Mounting plugin AndroidDeviceProfileSelector
LogPluginManager: Mounting plugin AndroidMoviePlayer
LogPluginManager: Mounting plugin AndroidPermission
LogPluginManager: Mounting plugin AppleMoviePlayer
LogPluginManager: Mounting plugin ArchVisCharacter
LogPluginManager: Mounting plugin CableComponent
LogPluginManager: Mounting plugin CustomMeshComponent
LogPluginManager: Mounting plugin ExampleDeviceProfileSelector
LogPluginManager: Mounting plugin GoogleCloudMessaging
LogPluginManager: Mounting plugin ImmediatePhysics
LogPluginManager: Mounting plugin IOSDeviceProfileSelector
LogPluginManager: Mounting plugin LinuxDeviceProfileSelector
LogPluginManager: Mounting plugin LocationServicesBPLibrary
LogPluginManager: Mounting plugin MobilePatchingUtils
LogPluginManager: Mounting plugin OculusVR
LogPluginManager: Mounting plugin PhysXVehicles
LogPluginManager: Mounting plugin ProceduralMeshComponent
LogPluginManager: Mounting plugin RuntimePhysXCooking
LogPluginManager: Mounting plugin SteamVR
LogPluginManager: Mounting plugin WindowsMoviePlayer
LogInit: Using libcurl 7.47.1
LogInit:  - built for x86_64-pc-win32
LogInit:  - supports SSL with OpenSSL/1.0.2g
LogInit:  - supports HTTP deflate (compression) using libz 1.2.8
LogInit:  - other features:
LogInit:      CURL_VERSION_SSL
LogInit:      CURL_VERSION_LIBZ
LogInit:      CURL_VERSION_IPV6
LogInit:      CURL_VERSION_ASYNCHDNS
LogInit:      CURL_VERSION_LARGEFILE
LogInit:      CURL_VERSION_IDN
LogInit:  CurlRequestOptions (configurable via config and command line):
LogInit:  - bVerifyPeer = false  - Libcurl will NOT verify peer certificate
LogInit:  - bUseHttpProxy = false  - Libcurl will NOT use HTTP proxy
LogInit:  - bDontReuseConnections = false  - Libcurl will reuse connections
LogInit:  - CertBundlePath = nullptr  - Libcurl will use whatever was configured at build time.
LogInit: Build: ++UE4+Release-4.17-CL-3586342
LogInit: Engine Version: 4.17.1-3586342+++UE4+Release-4.17
LogInit: Compatible Engine Version: 4.17.0-3573198+++UE4+Release-4.17
LogInit: Net CL: 3573198
LogDevObjectVersion: Number of dev versions registered: 16
LogDevObjectVersion:   Dev-Blueprints (B0D832E4-1F89-4F0D-ACCF-7EB736FD4AA2): 10
LogDevObjectVersion:   Dev-Build (E1C64328-A22C-4D53-A36C-8E866417BD8C): 0
LogDevObjectVersion:   Dev-Core (375EC13C-06E4-48FB-B500-84F0262A717E): 2
LogDevObjectVersion:   Dev-Editor (E4B068ED-F494-42E9-A231-DA0B2E46BB41): 20
LogDevObjectVersion:   Dev-Framework (CFFC743F-43B0-4480-9391-14DF171D2073): 28
LogDevObjectVersion:   Dev-Mobile (B02B49B5-BB20-44E9-A304-32B752E40360): 0
LogDevObjectVersion:   Dev-Networking (A4E4105C-59A1-49B5-A7C5-40C4547EDFEE): 0
LogDevObjectVersion:   Dev-Online (39C831C9-5AE6-47DC-9A44-9C173E1C8E7C): 0
LogDevObjectVersion:   Dev-Physics (78F01B33-EBEA-4F98-B9B4-84EACCB95AA2): 0
LogDevObjectVersion:   Dev-Platform (6631380F-2D4D-43E0-8009-CF276956A95A): 0
LogDevObjectVersion:   Dev-Rendering (12F88B9F-8875-4AFC-A67C-D90C383ABD29): 19
LogDevObjectVersion:   Dev-Sequencer (7B5AE74C-D270-4C10-A958-57980B212A5A): 4
LogDevObjectVersion:   Dev-VR (D7296918-1DD6-4BDD-9DE2-64A83CC13884): 0
LogDevObjectVersion:   Dev-LoadTimes (C2A15278-BFE7-4AFE-6C17-90FF531DF755): 1
LogDevObjectVersion:   Private-Geometry (6EACA3D4-40EC-4CC1-B786-8BED09428FC5): 1
LogDevObjectVersion:   Dev-AnimPhys (29E575DD-E0A3-4627-9D10-D276232CDCEA): 7
LogInit: Compiled (64-bit): Aug 15 2017 02:05:26
LogInit: Compiled with Visual C++: 19.00.24215.01
LogInit: Build Configuration: Development
LogInit: Branch Name: ++UE4+Release-4.17
LogInit: Command line:  
LogInit: Base directory: J:/UE_4.17/Engine/Binaries/Win64/
LogInit: Installed Engine Build: 1
LogInit: Presizing for max 8388607 objects, including 0 objects not considered by GC, pre-allocating 0 bytes for permanent pool.
LogInit: Object subsystem initialized
[2017.09.11-13.28.40:339][  0]LogInit: Selected Device Profile: [Windows]
[2017.09.11-13.28.40:340][  0]LogInit: Applying CVar settings loaded from the selected device profile: [Windows]
[2017.09.11-13.28.40:349][  0]LogInit: Computer: ADMIN-PC
[2017.09.11-13.28.40:349][  0]LogInit: User: Admin
[2017.09.11-13.28.40:349][  0]LogInit: CPU Page size=4096, Cores=4
[2017.09.11-13.28.40:349][  0]LogInit: High frequency timer resolution =3.312791 MHz
[2017.09.11-13.28.40:349][  0]LogMemory: Memory total: Physical=7.9GB (8GB approx)
[2017.09.11-13.28.40:349][  0]LogMemory: Platform Memory Stats for Windows
[2017.09.11-13.28.40:349][  0]LogMemory: Process Physical Memory: 277.46 MB used, 277.46 MB peak
[2017.09.11-13.28.40:349][  0]LogMemory: Process Virtual Memory: 274.00 MB used, 274.00 MB peak
[2017.09.11-13.28.40:349][  0]LogMemory: Physical Memory: 2796.38 MB used,  5280.04 MB free, 8076.42 MB total
[2017.09.11-13.28.40:349][  0]LogMemory: Virtual Memory: 668.07 MB used,  5280.04 MB free, 134217728.00 MB total
[2017.09.11-13.28.40:475][  0]LogInit: Using OS detected language (de-DE).
[2017.09.11-13.28.40:475][  0]LogInit: Using OS detected locale (de-DE).
[2017.09.11-13.28.40:478][  0]LogTextLocalizationManager: No localization for 'de-DE' exists, so 'en' will be used for the language.
[2017.09.11-13.28.40:478][  0]LogTextLocalizationManager: No localization for 'de-DE' exists, so 'en' will be used for the locale.
[2017.09.11-13.28.41:109][  0]LogD3D11RHI: D3D11 adapters:
[2017.09.11-13.28.41:645][  0]LogD3D11RHI:    0. 'NVIDIA GeForce GTX 960' (Feature Level 11_0)
[2017.09.11-13.28.41:645][  0]LogD3D11RHI:       4062/0/4038 MB DedicatedVideo/DedicatedSystem/SharedSystem, Outputs:1, VendorId:0x10de
[2017.09.11-13.28.41:649][  0]LogD3D11RHI:    1. 'Intel(R) HD Graphics' (Feature Level 11_0)
[2017.09.11-13.28.41:649][  0]LogD3D11RHI:       32/0/1760 MB DedicatedVideo/DedicatedSystem/SharedSystem, Outputs:0, VendorId:0x8086
[2017.09.11-13.28.41:650][  0]LogD3D11RHI:    2. 'Microsoft Basic Render Driver' (Feature Level 11_0)
[2017.09.11-13.28.41:650][  0]LogD3D11RHI:       0/0/4038 MB DedicatedVideo/DedicatedSystem/SharedSystem, Outputs:0, VendorId:0x1414
[2017.09.11-13.28.41:650][  0]LogD3D11RHI: Chosen D3D11 Adapter: 0
[2017.09.11-13.28.41:654][  0]LogD3D11RHI: Creating new Direct3DDevice
[2017.09.11-13.28.41:654][  0]LogD3D11RHI:     GPU DeviceId: 0x1401 (for the marketing name, search the web for "GPU Device Id")
[2017.09.11-13.28.41:654][  0]LogWindows: EnumDisplayDevices:
[2017.09.11-13.28.41:655][  0]LogWindows:    0. 'NVIDIA GeForce GTX 960' (P:1 D:1)
[2017.09.11-13.28.41:655][  0]LogWindows:    1. 'NVIDIA GeForce GTX 960' (P:0 D:0)
[2017.09.11-13.28.41:655][  0]LogWindows:    2. 'NVIDIA GeForce GTX 960' (P:0 D:0)
[2017.09.11-13.28.41:655][  0]LogWindows:    3. 'NVIDIA GeForce GTX 960' (P:0 D:0)
[2017.09.11-13.28.41:655][  0]LogWindows:    4. 'Intel(R) HD Graphics' (P:0 D:0)
[2017.09.11-13.28.41:655][  0]LogWindows:    5. 'Intel(R) HD Graphics' (P:0 D:0)
[2017.09.11-13.28.41:656][  0]LogWindows:    6. 'Intel(R) HD Graphics' (P:0 D:0)
[2017.09.11-13.28.41:656][  0]LogWindows: DebugString: PrimaryIsNotTheChoosenAdapter PrimaryIsNotTheChoosenAdapter PrimaryIsNotTheChoosenAdapter FoundDriverCount:4 
[2017.09.11-13.28.41:656][  0]LogD3D11RHI:     Adapter Name: NVIDIA GeForce GTX 960
[2017.09.11-13.28.41:656][  0]LogD3D11RHI:   Driver Version: 382.33 (internal:22.21.13.8233, unified:382.33)
[2017.09.11-13.28.41:656][  0]LogD3D11RHI:      Driver Date: 5-17-2017
[2017.09.11-13.28.41:656][  0]LogRHI: Texture pool is 1361 MB (70% of 1945 MB)
[2017.09.11-13.28.42:164][  0]LogD3D11RHI: Async texture creation enabled
[2017.09.11-13.28.42:312][  0]LogD3D11RHI: GPU Timing Frequency: 1000.000000 (Debug: 2 1)
[2017.09.11-13.28.42:314][  0]LogShaderCompilers: Guid format shader working directory is -10 characters bigger than the processId version (C:/Users/Admin/Documents/Unreal Projects/vegetation_pack/Intermediate/Shaders/WorkingDirectory/8560/).
[2017.09.11-13.28.42:314][  0]LogShaderCompilers: Cleaned the shader compiler working directory 'C:/Users/Admin/AppData/Local/Temp/UnrealShaderWorkingDir/990FC5C441510CA5C423E1BA9719BF17/'.
[2017.09.11-13.28.42:314][  0]LogShaderCompilers: Display: Using Local Shader Compiler.
[2017.09.11-13.28.43:241][  0]LogTemp: Display: Loaded TP AllDesktopTargetPlatform
[2017.09.11-13.28.43:284][  0]LogTemp: Display: Loaded TP MacClientTargetPlatform
[2017.09.11-13.28.43:328][  0]LogTemp: Display: Loaded TP MacNoEditorTargetPlatform
[2017.09.11-13.28.43:371][  0]LogTemp: Display: Loaded TP MacServerTargetPlatform
[2017.09.11-13.28.43:416][  0]LogTemp: Display: Loaded TP MacTargetPlatform
[2017.09.11-13.28.43:460][  0]LogTemp: Display: Loaded TP WindowsClientTargetPlatform
[2017.09.11-13.28.43:504][  0]LogTemp: Display: Loaded TP WindowsNoEditorTargetPlatform
[2017.09.11-13.28.43:547][  0]LogTemp: Display: Loaded TP WindowsServerTargetPlatform
[2017.09.11-13.28.43:583][  0]LogTemp: Display: Loaded TP WindowsTargetPlatform
[2017.09.11-13.28.43:626][  0]LogTemp: Display: Loaded TP AndroidTargetPlatform
[2017.09.11-13.28.43:669][  0]LogTemp: Display: Loaded TP Android_ASTCTargetPlatform
[2017.09.11-13.28.43:711][  0]LogTemp: Display: Loaded TP Android_ATCTargetPlatform
[2017.09.11-13.28.43:754][  0]LogTemp: Display: Loaded TP Android_DXTTargetPlatform
[2017.09.11-13.28.43:796][  0]LogTemp: Display: Loaded TP Android_ETC1TargetPlatform
[2017.09.11-13.28.43:838][  0]LogTemp: Display: Loaded TP Android_ETC2TargetPlatform
[2017.09.11-13.28.43:923][  0]LogTemp: Display: Loaded TP Android_MultiTargetPlatform
[2017.09.11-13.28.43:923][  0]LogTemp: Display: Loaded TP Android_PVRTCTargetPlatform
[2017.09.11-13.28.43:953][  0]LogTemp: Display: Loaded TP HTML5TargetPlatform
[2017.09.11-13.28.44:033][  0]LogTemp: Display: Loaded TP IOSTargetPlatform
[2017.09.11-13.28.44:060][  0]LogTemp: Display: Loaded TP TVOSTargetPlatform
[2017.09.11-13.28.44:102][  0]LogTemp: Display: Loaded TP LinuxClientTargetPlatform
[2017.09.11-13.28.44:145][  0]LogTemp: Display: Loaded TP LinuxNoEditorTargetPlatform
[2017.09.11-13.28.44:186][  0]LogTemp: Display: Loaded TP LinuxServerTargetPlatform
[2017.09.11-13.28.44:229][  0]LogTemp: Display: Loaded TP LinuxTargetPlatform
[2017.09.11-13.28.44:229][  0]LogTargetPlatformManager: Display: Building Assets For Windows
[2017.09.11-13.28.44:614][  0]LogDerivedDataCache: Display: Max Cache Size: 512 MB
[2017.09.11-13.28.44:732][  0]LogDerivedDataCache: Loaded boot cache 0.12s 94MB C:/Users/Admin/AppData/Local/UnrealEngine/4.17/DerivedDataCache/Boot.ddc.
[2017.09.11-13.28.44:733][  0]LogDerivedDataCache: Display: Loaded Boot cache: C:/Users/Admin/AppData/Local/UnrealEngine/4.17/DerivedDataCache/Boot.ddc
[2017.09.11-13.28.44:733][  0]LogDerivedDataCache: FDerivedDataBackendGraph:  Pak pak cache file C:/Users/Admin/Documents/Unreal Projects/vegetation_pack/DerivedDataCache/DDC.ddp not found, will not use a pak cache.
[2017.09.11-13.28.44:733][  0]LogDerivedDataCache: Unable to find inner node Pak for hierarchical cache Hierarchy.
[2017.09.11-13.28.44:733][  0]LogDerivedDataCache: FDerivedDataBackendGraph:  CompressedPak pak cache file C:/Users/Admin/Documents/Unreal Projects/vegetation_pack/DerivedDataCache/Compressed.ddp not found, will not use a pak cache.
[2017.09.11-13.28.44:733][  0]LogDerivedDataCache: Unable to find inner node CompressedPak for hierarchical cache Hierarchy.
[2017.09.11-13.28.44:748][  0]LogDerivedDataCache: Display: Pak cache opened for reading ../../../Engine/DerivedDataCache/Compressed.ddp.
[2017.09.11-13.28.44:761][  0]LogDerivedDataCache: Using Local data cache path C:/Users/Admin/AppData/Local/UnrealEngine/Common/DerivedDataCache: Writable
[2017.09.11-13.28.44:775][  0]LogMaterial: Verifying Global Shaders for PCD3D_SM5
[2017.09.11-13.28.44:776][  0]LogSlate: Using Freetype 2.6.0
[2017.09.11-13.28.44:776][  0]LogSlate: SlateFontCache - WITH_FREETYPE: 1, WITH_HARFBUZZ: 1
[2017.09.11-13.28.44:776][  0]LogSlate: SlateFontCache - WITH_FREETYPE: 1, WITH_HARFBUZZ: 1
[2017.09.11-13.28.45:063][  0]LogAssetRegistry: FAssetRegistry took 0.0262 seconds to start up
[2017.09.11-13.28.45:176][  0]LogInit: Selected Device Profile: [Windows]
[2017.09.11-13.28.45:509][  0]LogSimplygon: Simplygon DLL not present - disabling.
[2017.09.11-13.28.45:542][  0]LogMeshReduction: Using SimplygonSwarm for distributed automatic mesh merging
[2017.09.11-13.28.45:542][  0]LogMeshReduction: Using QuadricMeshReduction for automatic static mesh reduction
[2017.09.11-13.28.45:542][  0]LogMeshReduction: No automatic skeletal mesh reduction module available
[2017.09.11-13.28.45:542][  0]LogMeshReduction: No automatic mesh merging module available
[2017.09.11-13.28.45:542][  0]LogMeshMerging: No automatic mesh merging module available
[2017.09.11-13.28.45:543][  0]LogContentStreaming: Texture pool size is 0.00 MB
[2017.09.11-13.28.45:875][  0]LogEnum: Warning: In asset 'None', there is an enum property of type 'EViewModeIndex' with an invalid value of '3'
[2017.09.11-13.28.45:999][  0]LogNetVersion: vegetation_pack , NetCL: 3573198, EngineNetVer: 2, GameNetVer: 0 (Checksum: 3567500699)
[2017.09.11-13.28.46:185][  0]LogPackageLocalizationCache: Processed 5 localized package path(s) for 1 prioritized culture(s) in 0.027717 seconds
[2017.09.11-13.28.46:191][  0]LogUObjectArray: 35825 objects as part of root set at end of initial load.
[2017.09.11-13.28.46:191][  0]LogUObjectAllocator: 7529112 out of 0 bytes used by permanent object pool.
[2017.09.11-13.28.46:191][  0]LogUObjectArray: CloseDisregardForGC: 0/0 objects in disregard for GC pool
[2017.09.11-13.28.46:239][  0]LogInit: WinSock: version 1.1 (2.2), MaxSocks=32767, MaxUdp=65467
[2017.09.11-13.28.48:513][  0]LogTcpMessaging: Initializing TcpMessaging bridge
[2017.09.11-13.28.48:547][  0]LogUdpMessaging: Initializing bridge on interface 0.0.0.0:0 to multicast group 230.0.0.1:6666.
[2017.09.11-13.28.49:086][  0]LogMaterial: Uniform references updated for custom material expression Custom.
[2017.09.11-13.28.49:434][  0]SourceControl: Source control is disabled
[2017.09.11-13.28.49:434][  0]SourceControl: Source control is disabled
[2017.09.11-13.28.49:471][  0]SourceControl: Source control is disabled
[2017.09.11-13.28.49:508][  0]SourceControl: Source control is disabled
[2017.09.11-13.28.49:968][  0]LogAndroidPermission: UAndroidPermissionCallbackProxy::GetInstance
[2017.09.11-13.28.50:161][  0]LogOcInput: OculusInput pre-init called
[2017.09.11-13.28.50:381][  0]LogEngine: Initializing Engine...
[2017.09.11-13.28.50:383][  0]LogHMD: Failed to initialize OpenVR with code 100
[2017.09.11-13.28.50:659][  0]LogStats: UGameplayTagsManager::ConstructGameplayTagTree: Construct from data asset -  0.000 s
[2017.09.11-13.28.50:659][  0]LogStats: UGameplayTagsManager::ConstructGameplayTagTree: GameplayTagTreeChangedEvent.Broadcast -  0.000 s
[2017.09.11-13.28.50:767][  0]LogAIModule: Creating AISystem for world Untitled
[2017.09.11-13.28.50:778][  0]LogInit: XAudio2 using 'Headset (Playback) (Creative USB Headset)' : 2 channels at 44.1 kHz using 16 bits per sample (channel mask 0x3)
[2017.09.11-13.28.50:791][  0]LogInit: FAudioDevice initialized.
[2017.09.11-13.28.50:943][  0]LogDerivedDataCache: Saved boot cache 0.15s 105MB C:/Users/Admin/AppData/Local/UnrealEngine/4.17/DerivedDataCache/Boot.ddc.
[2017.09.11-13.28.50:963][  0]LogInit: Texture streaming: Enabled
[2017.09.11-13.28.51:057][  0]LogEngineSessionManager: EngineSessionManager initialized
[2017.09.11-13.28.51:233][  0]LogInit: Transaction tracking system initialized
[2017.09.11-13.28.51:480][  0]BlueprintLog: New page: Editor Load
[2017.09.11-13.28.52:193][  0]LocalizationService: Localization service is disabled
[2017.09.11-13.28.52:598][  0]LogLinker: Warning: Can't find file '/Game/ThirdPersonBP/ThirdPersonOverview'
[2017.09.11-13.28.52:598][  0]LogLinker: Warning: Can't find file '/Game/ThirdPersonBP/ThirdPersonOverview'
[2017.09.11-13.28.52:598][  0]LogUObjectGlobals: Warning: Failed to find object 'Class /Game/ThirdPersonBP/ThirdPersonOverview.ThirdPersonOverview_C'
[2017.09.11-13.28.52:738][  0]LogConsoleResponse: Display: 
[2017.09.11-13.28.52:908][  0]LogCook: Display: Max memory allowance for cook 16384mb min free memory 0mb
[2017.09.11-13.28.52:908][  0]LogCook: Display: Mobile HDR setting 1
[2017.09.11-13.28.52:908][  0]LogGameplayTags: Display: UGameplayTagsManager::DoneAddingNativeTags. DelegateIsBound: 0
[2017.09.11-13.28.53:696][  0]LogFileCache: Scanning file cache for directory 'C:/Users/Admin/Documents/Unreal Projects/vegetation_pack/Content/' took 0.01s
[2017.09.11-13.28.53:735][  0]SourceControl: Source control is disabled
[2017.09.11-13.28.53:735][  0]Cmd: MAP LOAD FILE="C:/Users/Admin/Documents/Unreal Projects/vegetation_pack/Content/Maps/screenshot_map.umap" TEMPLATE=0 SHOWPROGRESS=1 FEATURELEVEL=3
[2017.09.11-13.28.53:735][  0]LightingResults: New page: Lighting Build
[2017.09.11-13.28.53:767][  0]MapCheck: New page: Map Check
[2017.09.11-13.28.53:767][  0]LightingResults: New page: Lighting Build
[2017.09.11-13.28.54:374][  0]LogActorComponent: UnregisterComponent: (/Game/Maps/screenshot_map.screenshot_map:PersistentLevel.InstancedFoliageActor_1.FoliageInstancedStaticMeshComponent_0) Not registered. Aborting.
[2017.09.11-13.28.54:386][  0]LogActorComponent: UnregisterComponent: (/Game/Maps/screenshot_map.screenshot_map:PersistentLevel.InstancedFoliageActor_1.FoliageInstancedStaticMeshComponent_1) Not registered. Aborting.
[2017.09.11-13.28.54:398][  0]LogActorComponent: UnregisterComponent: (/Game/Maps/screenshot_map.screenshot_map:PersistentLevel.InstancedFoliageActor_1.FoliageInstancedStaticMeshComponent_2) Not registered. Aborting.
[2017.09.11-13.28.54:409][  0]LogActorComponent: UnregisterComponent: (/Game/Maps/screenshot_map.screenshot_map:PersistentLevel.InstancedFoliageActor_1.FoliageInstancedStaticMeshComponent_3) Not registered. Aborting.
[2017.09.11-13.28.54:420][  0]LogActorComponent: UnregisterComponent: (/Game/Maps/screenshot_map.screenshot_map:PersistentLevel.InstancedFoliageActor_1.FoliageInstancedStaticMeshComponent_4) Not registered. Aborting.
[2017.09.11-13.28.54:433][  0]LogActorComponent: UnregisterComponent: (/Game/Maps/screenshot_map.screenshot_map:PersistentLevel.InstancedFoliageActor_1.FoliageInstancedStaticMeshComponent_5) Not registered. Aborting.
[2017.09.11-13.28.54:443][  0]LogActorComponent: UnregisterComponent: (/Game/Maps/screenshot_map.screenshot_map:PersistentLevel.InstancedFoliageActor_1.FoliageInstancedStaticMeshComponent_6) Not registered. Aborting.
[2017.09.11-13.28.54:443][  0]LogActorComponent: UnregisterComponent: (/Game/Maps/screenshot_map.screenshot_map:PersistentLevel.InstancedFoliageActor_1.FoliageInstancedStaticMeshComponent_7) Not registered. Aborting.
[2017.09.11-13.28.54:443][  0]LogActorComponent: UnregisterComponent: (/Game/Maps/screenshot_map.screenshot_map:PersistentLevel.InstancedFoliageActor_1.FoliageInstancedStaticMeshComponent_8) Not registered. Aborting.
[2017.09.11-13.28.54:444][  0]LogActorComponent: UnregisterComponent: (/Game/Maps/screenshot_map.screenshot_map:PersistentLevel.InstancedFoliageActor_1.FoliageInstancedStaticMeshComponent_9) Not registered. Aborting.
[2017.09.11-13.28.54:444][  0]LogActorComponent: UnregisterComponent: (/Game/Maps/screenshot_map.screenshot_map:PersistentLevel.InstancedFoliageActor_1.FoliageInstancedStaticMeshComponent_10) Not registered. Aborting.
[2017.09.11-13.28.54:444][  0]LogActorComponent: UnregisterComponent: (/Game/Maps/screenshot_map.screenshot_map:PersistentLevel.InstancedFoliageActor_1.FoliageInstancedStaticMeshComponent_11) Not registered. Aborting.
[2017.09.11-13.28.54:465][  0]LogAIModule: Creating AISystem for world screenshot_map
[2017.09.11-13.28.54:466][  0]LogActorComponent: RegisterComponentWithWorld: (/Game/Maps/screenshot_map.screenshot_map:PersistentLevel.WorldSettings_1.StaticMeshComponent0) Trying to register component with IsPendingKill() == true. Aborting.
[2017.09.11-13.28.54:478][  0]LogEditorServer: Finished looking for orphan Actors (0.000 secs)
[2017.09.11-13.28.54:495][  0]Cmd: MAP CHECKDEP NOCLEARLOG
[2017.09.11-13.28.54:542][  0]MapCheck: Map check complete: 0 Error(s), 0 Warning(s), took 47.487ms to complete.
[2017.09.11-13.28.54:543][  0]LogFileHelpers: Loading map 'screenshot_map' took 0.808
[2017.09.11-13.28.54:594][  0]LogWindowsTextInputMethodSystem: Display: IME system now deactivated.
[2017.09.11-13.28.54:675][  0]LogCollectionManager: Loaded 0 collections in 0.001715 seconds
[2017.09.11-13.28.54:746][  0]LogFileCache: Scanning file cache for directory 'C:/Users/Admin/Documents/Unreal Projects/vegetation_pack/Saved/Collections/' took 0.01s
[2017.09.11-13.28.54:746][  0]LogFileCache: Scanning file cache for directory 'C:/Users/Admin/Documents/Unreal Projects/vegetation_pack/Content/Developers/Admin/Collections/' took 0.01s
[2017.09.11-13.28.54:746][  0]LogFileCache: Scanning file cache for directory 'C:/Users/Admin/Documents/Unreal Projects/vegetation_pack/Content/Collections/' took 0.01s
[2017.09.11-13.28.54:746][  0]LogCollectionManager: Rebuilt the GUID cache for 0 collections in 0.000001 seconds
[2017.09.11-13.28.54:756][  0]LogContentBrowser: Native class hierarchy populated in 0.0101 seconds. Added 2386 classes and 500 folders.
[2017.09.11-13.28.54:808][  0]LogContentBrowser: Native class hierarchy updated for 'WidgetCarousel' in 0.0007 seconds. Added 0 classes and 0 folders.
[2017.09.11-13.28.54:843][  0]LogContentBrowser: Native class hierarchy updated for 'AddContentDialog' in 0.0007 seconds. Added 0 classes and 0 folders.
[2017.09.11-13.28.54:878][  0]LogContentBrowser: Native class hierarchy updated for 'SceneOutliner' in 0.0007 seconds. Added 1 classes and 2 folders.
[2017.09.11-13.28.54:952][  0]LogSlate: Took 0.000420 seconds to synchronously load lazily loaded font '../../../Engine/Content/Slate/Fonts/Roboto-Regular.ttf' (155K)
[2017.09.11-13.28.54:955][  0]LogSlate: Took 0.000331 seconds to synchronously load lazily loaded font '../../../Engine/Content/Slate/Fonts/Roboto-Bold.ttf' (160K)
[2017.09.11-13.28.54:963][  0]LogSlate: Took 0.000200 seconds to synchronously load lazily loaded font '../../../Engine/Content/Editor/Slate/Fonts/FontAwesome.ttf' (139K)
[2017.09.11-13.28.55:080][  0]LogRenderer: Reallocating scene render targets to support 1036x592 Format 10 NumSamples 1 (Frame:1).
[2017.09.11-13.28.55:275][  0]LogContentBrowser: Native class hierarchy updated for 'HierarchicalLODOutliner' in 0.0011 seconds. Added 1 classes and 2 folders.
[2017.09.11-13.28.55:276][  0]LogLoad: (Engine Initialization) Total time: 16.26 seconds
[2017.09.11-13.28.55:276][  0]LogLoad: (Engine Initialization) Total Blueprint compile time: 0.00 seconds
[2017.09.11-13.28.55:276][  0]LogExternalProfiler: No external profilers were discovered.  External profiling features will not be available.
[2017.09.11-13.28.55:317][  0]LogContentStreaming: Texture pool size now 1000 MB
[2017.09.11-13.28.55:363][  0]LogSlate: Took 0.000182 seconds to synchronously load lazily loaded font '../../../Engine/Content/Slate/Fonts/Roboto-Light.ttf' (159K)
[2017.09.11-13.28.55:377][  1]LogAssetRegistry: Asset discovery search completed in 10.3348 seconds
[2017.09.11-13.28.55:379][  1]LogCollectionManager: Rebuilt the object cache for 0 collections in 0.000001 seconds (found 0 objects)
[2017.09.11-13.28.55:379][  1]LogCollectionManager: Fixed up redirectors for 0 collections in 0.000057 seconds (updated 0 objects)
[2017.09.11-13.29.26:516][267]Cmd: MAP LOAD FILE="C:/Users/Admin/Documents/Unreal Projects/vegetation_pack/Content/Maps/showcase_map.umap" TEMPLATE=0 SHOWPROGRESS=1 FEATURELEVEL=3
[2017.09.11-13.29.26:519][267]LogSlate: Took 0.000168 seconds to synchronously load lazily loaded font '../../../Engine/Content/Slate/Fonts/Roboto-Light.ttf' (159K)
[2017.09.11-13.29.26:532][267]LightingResults: New page: Lighting Build
[2017.09.11-13.29.26:533][267]LoadErrors: New page: Loading map: showcase_map.umap
[2017.09.11-13.29.26:539][267]MapCheck: New page: Map Check
[2017.09.11-13.29.26:539][267]LightingResults: New page: Lighting Build
[2017.09.11-13.29.26:779][267]LogTexture: Display: Building textures: tex_leave_diff (AutoDXT, 512X512)
[2017.09.11-13.29.26:894][267]LogTexture: Display: Building textures: tex_flower_pink_diff (AutoDXT, 2048X2048)
[2017.09.11-13.29.26:894][267]LogTexture: Display: Building textures: HQ_Lightmap1_3 (AutoDXT, 64X64)
[2017.09.11-13.29.26:894][267]LogTexture: Display: Building textures: LQ_Lightmap_1_3 (DXT1, 64X64)
[2017.09.11-13.29.26:894][267]LogMaterial: Missing cached shader map for material M_leave_part, compiling. 
[2017.09.11-13.29.27:027][267]LogTexture: Display: Building textures: SkyOcclusion1_3 (AutoDXT, 64X32)
[2017.09.11-13.29.27:027][267]LogTexture: Display: Building textures: tex_deciduousbark1_n (BC5, 512X512)
[2017.09.11-13.29.27:027][267]LogTexture: Display: Building textures: tex_deciduousbark1_diff (AutoDXT, 512X512)
[2017.09.11-13.29.27:047][267]LogStaticMesh: Building static mesh SM_tree9...
[2017.09.11-13.29.27:059][267]LogStaticMesh: Built static mesh [0.01s] /Game/Meshes/Trees/SM_tree9.SM_tree9
[2017.09.11-13.29.27:063][267]LogStaticMesh: Building static mesh SM_tree6...
[2017.09.11-13.29.27:090][267]LogStaticMesh: Built static mesh [0.03s] /Game/Meshes/Trees/SM_tree6.SM_tree6
[2017.09.11-13.29.27:099][267]LogMaterial: Missing cached shader map for material M_grass_advanced, compiling. 
[2017.09.11-13.29.28:368][267]LogTexture: Display: Building textures: tex_deciduousbark2_n (BC5, 512X512)
[2017.09.11-13.29.28:368][267]LogTexture: Display: Building textures: tex_deciduousbark2_diff (AutoDXT, 512X512)
[2017.09.11-13.29.28:368][267]LogTexture: Display: Building textures: tex_snow_mask3 (AutoDXT, 1024X1024)
[2017.09.11-13.29.28:375][267]LogMaterial: Missing cached shader map for material M_tree_pro, compiling. 
[2017.09.11-13.29.28:781][267]LogTexture: Display: Building textures: tex_branch_diff (AutoDXT, 1024X1024)
[2017.09.11-13.29.28:785][267]LogStaticMesh: Building static mesh SM_grass_flower_patch3...
[2017.09.11-13.29.28:790][267]LogStaticMesh: Built static mesh [0.01s] /Game/Meshes/Field/SM_grass_flower_patch3.SM_grass_flower_patch3
[2017.09.11-13.29.28:791][267]LogStaticMesh: Building static mesh SM_grass_flower_patch4...
[2017.09.11-13.29.28:795][267]LogStaticMesh: Built static mesh [0.00s] /Game/Meshes/Field/SM_grass_flower_patch4.SM_grass_flower_patch4
[2017.09.11-13.29.28:822][267]LogStaticMesh: Building static mesh SM_bush5...
[2017.09.11-13.29.29:096][267]LogStaticMesh: Built static mesh [0.27s] /Game/Meshes/Bush/SM_bush5.SM_bush5
[2017.09.11-13.29.29:106][267]LogStaticMesh: Building static mesh SM_grass_flower_patch5...
[2017.09.11-13.29.29:111][267]LogStaticMesh: Built static mesh [0.01s] /Game/Meshes/Field/SM_grass_flower_patch5.SM_grass_flower_patch5
[2017.09.11-13.29.29:112][267]LogStaticMesh: Building static mesh SM_grass_flower_patch6...
[2017.09.11-13.29.29:117][267]LogStaticMesh: Built static mesh [0.01s] /Game/Meshes/Field/SM_grass_flower_patch6.SM_grass_flower_patch6
[2017.09.11-13.29.29:118][267]LogStaticMesh: Building static mesh SM_grass_flower_patch1...
[2017.09.11-13.29.29:125][267]LogStaticMesh: Built static mesh [0.01s] /Game/Meshes/Field/SM_grass_flower_patch1.SM_grass_flower_patch1
[2017.09.11-13.29.29:126][267]LogStaticMesh: Building static mesh SM_grass_flower_patch2...
[2017.09.11-13.29.29:132][267]LogStaticMesh: Built static mesh [0.01s] /Game/Meshes/Field/SM_grass_flower_patch2.SM_grass_flower_patch2
[2017.09.11-13.29.29:132][267]LogStaticMesh: Building static mesh SM_grass_patch4...
[2017.09.11-13.29.29:135][267]LogStaticMesh: Built static mesh [0.00s] /Game/Meshes/Grass/SM_grass_patch4.SM_grass_patch4
[2017.09.11-13.29.29:135][267]LogStaticMesh: Building static mesh SM_grass_patch5...
[2017.09.11-13.29.29:139][267]LogStaticMesh: Built static mesh [0.00s] /Game/Meshes/Grass/SM_grass_patch5.SM_grass_patch5
[2017.09.11-13.29.29:140][267]LogStaticMesh: Building static mesh SM_grass_patch6...
[2017.09.11-13.29.29:144][267]LogStaticMesh: Built static mesh [0.00s] /Game/Meshes/Grass/SM_grass_patch6.SM_grass_patch6
[2017.09.11-13.29.29:145][267]LogStaticMesh: Building static mesh SM_grass_patch1...
[2017.09.11-13.29.29:151][267]LogStaticMesh: Built static mesh [0.01s] /Game/Meshes/Grass/SM_grass_patch1.SM_grass_patch1
[2017.09.11-13.29.29:152][267]LogStaticMesh: Building static mesh SM_grass_patch2...
[2017.09.11-13.29.29:158][267]LogStaticMesh: Built static mesh [0.01s] /Game/Meshes/Grass/SM_grass_patch2.SM_grass_patch2
[2017.09.11-13.29.29:159][267]LogStaticMesh: Building static mesh SM_grass_patch3...
[2017.09.11-13.29.29:162][267]LogStaticMesh: Built static mesh [0.00s] /Game/Meshes/Grass/SM_grass_patch3.SM_grass_patch3
[2017.09.11-13.29.29:164][267]LogStaticMesh: Building static mesh SM_grass_patch_flower4...
[2017.09.11-13.29.29:170][267]LogStaticMesh: Built static mesh [0.01s] /Game/Meshes/Flowers/SM_grass_patch_flower4.SM_grass_patch_flower4
[2017.09.11-13.29.29:172][267]LogStaticMesh: Building static mesh SM_grass_patch_flower5...
[2017.09.11-13.29.29:175][267]LogStaticMesh: Built static mesh [0.00s] /Game/Meshes/Flowers/SM_grass_patch_flower5.SM_grass_patch_flower5
[2017.09.11-13.29.29:176][267]LogStaticMesh: Building static mesh SM_grass_patch_flower6...
[2017.09.11-13.29.29:179][267]LogStaticMesh: Built static mesh [0.00s] /Game/Meshes/Flowers/SM_grass_patch_flower6.SM_grass_patch_flower6
[2017.09.11-13.29.29:179][267]LogStaticMesh: Building static mesh SM_grass_patch_flower1...
[2017.09.11-13.29.29:184][267]LogStaticMesh: Built static mesh [0.01s] /Game/Meshes/Flowers/SM_grass_patch_flower1.SM_grass_patch_flower1
[2017.09.11-13.29.29:185][267]LogStaticMesh: Building static mesh SM_grass_patch_flower2...
[2017.09.11-13.29.29:190][267]LogStaticMesh: Built static mesh [0.01s] /Game/Meshes/Flowers/SM_grass_patch_flower2.SM_grass_patch_flower2
[2017.09.11-13.29.29:191][267]LogStaticMesh: Building static mesh SM_grass_patch_flower3...
[2017.09.11-13.29.29:196][267]LogStaticMesh: Built static mesh [0.01s] /Game/Meshes/Flowers/SM_grass_patch_flower3.SM_grass_patch_flower3
[2017.09.11-13.29.29:213][267]LogStaticMesh: Building static mesh SM_tree10...
[2017.09.11-13.29.29:239][267]LogStaticMesh: Built static mesh [0.03s] /Game/Meshes/Trees/SM_tree10.SM_tree10
[2017.09.11-13.29.29:245][267]LogStaticMesh: Building static mesh SM_tree2...
[2017.09.11-13.29.29:263][267]LogStaticMesh: Built static mesh [0.02s] /Game/Meshes/Trees/SM_tree2.SM_tree2
[2017.09.11-13.29.29:268][267]LogStaticMesh: Building static mesh SM_tree5...
[2017.09.11-13.29.29:294][267]LogStaticMesh: Built static mesh [0.03s] /Game/Meshes/Trees/SM_tree5.SM_tree5
[2017.09.11-13.29.29:301][267]LogSlate: Took 0.000157 seconds to synchronously load lazily loaded font '../../../Engine/Content/Slate/Fonts/Roboto-Regular.ttf' (155K)
[2017.09.11-13.29.29:321][267]LogAIModule: Creating AISystem for world showcase_map
[2017.09.11-13.29.29:350][267]LogActorComponent: RegisterComponentWithWorld: (/Game/Maps/showcase_map.showcase_map:PersistentLevel.WorldSettings_1.StaticMeshComponent0) Trying to register component with IsPendingKill() == true. Aborting.
[2017.09.11-13.29.29:476][267]LogEditorServer: Finished looking for orphan Actors (0.000 secs)
[2017.09.11-13.29.29:520][267]Cmd: MAP CHECKDEP NOCLEARLOG
[2017.09.11-13.29.29:581][267]MapCheck: Map check complete: 0 Error(s), 0 Warning(s), took 60.555ms to complete.
[2017.09.11-13.29.29:581][267]LogFileHelpers: Loading map 'showcase_map' took 3.066
[2017.09.11-13.29.37:574][ 38]LogEditorViewport: Clicking on Actor (LMB): StaticMeshActor (SM_grass_patch_flower5)
[2017.09.11-13.29.41:598][308]LogEditorViewport: Clicking on Actor (LMB): StaticMeshActor (SM_Template_Map_Floor)
[2017.09.11-13.29.45:549][504]LogEditorViewport: Clicking on Actor (LMB): StaticMeshActor (SM_Template_Map_Floor)
[2017.09.11-13.29.46:407][578]LogEditorViewport: Clicking on Actor (LMB): StaticMeshActor (SM_grass_flower_patch2)
[2017.09.11-13.29.51:294][969]LogEditorViewport: Clicking on Actor (LMB): StaticMeshActor (SM_grass6)
[2017.09.11-13.29.53:584][160]LogSlate: Took 0.000198 seconds to synchronously load lazily loaded font '../../../Engine/Content/Slate/Fonts/Roboto-Light.ttf' (159K)
[2017.09.11-13.29.58:557][371]LogEditorViewport: Clicking on Actor (LMB): StaticMeshActor (SM_Template_Map_Floor)
[2017.09.11-13.30.20:809][145]LogEditorViewport: Clicking on Actor (LMB): StaticMeshActor (SM_Template_Map_Floor)
[2017.09.11-13.30.21:560][207]LogEditorViewport: Clicking on Actor (LMB): StaticMeshActor (SM_grass_patch68)
[2017.09.11-13.30.24:136][396]LogEditorViewport: Clicking on Actor (LMB): StaticMeshActor (SM_grass_patch4)
[2017.09.11-13.30.26:991][607]LogEditorViewport: Clicking on Actor (LMB): LightmassImportanceVolume (LightmassImportanceVolume)
[2017.09.11-13.30.46:789][241]LogEditorViewport: Clicking on Actor (LMB): StaticMeshActor (SM_grass6)
[2017.09.11-13.30.47:959][349]LogContentBrowser: Native class hierarchy updated for 'MaterialEditor' in 0.0007 seconds. Added 1 classes and 0 folders.
[2017.09.11-13.30.48:081][349]LogRenderer: Reallocating scene render targets to support 1036x664 Format 10 NumSamples 1 (Frame:1).
[2017.09.11-13.30.49:825][485]LogEditorViewport: Clicking on Actor (LMB): StaticMeshActor (SM_Template_Map_Floor)
[2017.09.11-13.31.39:640][385]LogMaterial: Missing cached shader map for material FDebugViewModeMaterialProxy M_grass_pro_Inst, compiling. 
[2017.09.11-13.31.40:067][385]TextureStreamingBuild: Display: Compiling optional shaders took 0.434 seconds.
[2017.09.11-13.31.42:769][517]LogEditorViewport: Clicking on Actor (LMB): StaticMeshActor (SM_grass3)
[2017.09.11-13.31.47:004][871]LogMaterial: Missing cached shader map for material M_grass_pro, compiling. 
[2017.09.11-13.31.47:323][871]LogMaterial: Missing cached shader map for material M_grass_pro, compiling. 
[2017.09.11-13.31.47:396][871]LogMaterial: Missing cached shader map for material M_grass_pro, compiling. 
[2017.09.11-13.31.47:456][871]LogMaterial: Missing cached shader map for material FMatExpressionPreview MaterialExpressionTextureSampleParameter2D_1, compiling. 
[2017.09.11-13.31.47:461][871]LogMaterial: Missing cached shader map for material FMatExpressionPreview MaterialExpressionTextureSampleParameter2D_3, compiling. 
[2017.09.11-13.31.47:465][871]LogMaterial: Missing cached shader map for material FMatExpressionPreview MaterialExpressionTextureSampleParameter2D_6, compiling. 
[2017.09.11-13.31.47:470][871]LogMaterial: Missing cached shader map for material FMatExpressionPreview MaterialExpressionTextureSampleParameter2D_7, compiling. 
[2017.09.11-13.31.47:476][871]LogMaterial: Missing cached shader map for material FMatExpressionPreview MaterialExpressionCollectionParameter_1, compiling. 
[2017.09.11-13.31.47:481][871]LogMaterial: Missing cached shader map for material FMatExpressionPreview MaterialExpressionCollectionParameter_2, compiling. 
[2017.09.11-13.31.47:512][871]LogSlate: Took 0.017175 seconds to synchronously load lazily loaded font '../../../Engine/Content/Editor/Slate/Fonts/Roboto-BoldCondensed.ttf' (158K)
[2017.09.11-13.31.49:090][922]LogSlate: Took 0.017322 seconds to synchronously load lazily loaded font '../../../Engine/Content/Editor/Slate/Fonts/Roboto-Italic.ttf' (157K)
[2017.09.11-13.31.54:957][153]LogMaterial: Missing cached shader map for material FDebugViewModeMaterialProxy M_grass_pro_Inst, compiling. 
[2017.09.11-13.31.55:231][153]TextureStreamingBuild: Display: Compiling optional shaders took 0.280 seconds.
[2017.09.11-13.31.55:382][153]LogWindowsTextInputMethodSystem: Display: IME system now deactivated.
[2017.09.11-13.31.55:567][154]Cmd: QUIT_EDITOR
[2017.09.11-13.31.55:593][154]LogExit: Preparing to exit.
[2017.09.11-13.31.56:748][154]LogExit: Editor shut down
[2017.09.11-13.31.56:753][154]LogExit: Transaction tracking system shut down
[2017.09.11-13.31.56:907][154]LogDirectoryWatcher: A directory notification for '../../../Engine/Content/' was aborted.
[2017.09.11-13.31.56:908][154]LogDirectoryWatcher: A directory notification for 'C:/Users/Admin/Documents/Unreal Projects/vegetation_pack/Content/' was aborted.
[2017.09.11-13.31.56:908][154]LogDirectoryWatcher: A directory notification for '../../../Engine/Plugins/2D/Paper2D/Content/' was aborted.
[2017.09.11-13.31.56:908][154]LogDirectoryWatcher: A directory notification for '../../../Engine/Plugins/Runtime/Oculus/OculusVR/Content/' was aborted.
[2017.09.11-13.31.56:908][154]LogDirectoryWatcher: A directory notification for '../../../Engine/Plugins/Runtime/Steam/SteamVR/Content/' was aborted.
[2017.09.11-13.31.56:963][154]LogExit: Object subsystem successfully closed.
[2017.09.11-13.31.56:983][154]LogD3D11RHI: Shutdown
[2017.09.11-13.31.56:983][154]LogD3D11RHI: CleanupD3DDevice
[2017.09.11-13.31.56:986][154]LogD3D11RHI: ~FD3D11DynamicRHI
[2017.09.11-13.31.56:995][154]LogModuleManager: Shutting down and abandoning module MaterialEditor (534)
[2017.09.11-13.31.56:995][154]LogModuleManager: Shutting down and abandoning module HierarchicalLODUtilities (532)
[2017.09.11-13.31.56:995][154]LogModuleManager: Shutting down and abandoning module HierarchicalLODOutliner (530)
[2017.09.11-13.31.56:995][154]LogModuleManager: Shutting down and abandoning module SceneOutliner (528)
[2017.09.11-13.31.56:995][154]LogModuleManager: Shutting down and abandoning module AddContentDialog (526)
[2017.09.11-13.31.56:995][154]LogDirectoryWatcher: A directory notification for 'J:/UE_4.17/FeaturePacks/' was aborted.
[2017.09.11-13.31.56:996][154]LogModuleManager: Shutting down and abandoning module WidgetCarousel (525)
[2017.09.11-13.31.56:996][154]LogModuleManager: Shutting down and abandoning module EditorWidgets (522)
[2017.09.11-13.31.56:996][154]LogModuleManager: Shutting down and abandoning module CollectionManager (520)
[2017.09.11-13.31.56:996][154]LogDirectoryWatcher: A directory notification for 'C:/Users/Admin/Documents/Unreal Projects/vegetation_pack/Content/Collections/' was aborted.
[2017.09.11-13.31.56:996][154]LogDirectoryWatcher: A directory notification for 'C:/Users/Admin/Documents/Unreal Projects/vegetation_pack/Content/Developers/Admin/Collections/' was aborted.
[2017.09.11-13.31.56:996][154]LogDirectoryWatcher: A directory notification for 'C:/Users/Admin/Documents/Unreal Projects/vegetation_pack/Saved/Collections/' was aborted.
[2017.09.11-13.31.56:996][154]LogModuleManager: Shutting down and abandoning module StatsViewer (518)
[2017.09.11-13.31.56:997][154]LogModuleManager: Shutting down and abandoning module FoliageEdit (516)
[2017.09.11-13.31.56:997][154]LogModuleManager: Shutting down and abandoning module LandscapeEditor (514)
[2017.09.11-13.31.56:997][154]LogModuleManager: Shutting down and abandoning module MeshPaintMode (512)
[2017.09.11-13.31.56:997][154]LogModuleManager: Shutting down and abandoning module SceneDepthPickerMode (510)
[2017.09.11-13.31.56:997][154]LogModuleManager: Shutting down and abandoning module ActorPickerMode (508)
[2017.09.11-13.31.56:997][154]LogModuleManager: Shutting down and abandoning module GeometryMode (506)
[2017.09.11-13.31.56:997][154]LogModuleManager: Shutting down and abandoning module TextureAlignMode (504)
[2017.09.11-13.31.56:997][154]LogModuleManager: Shutting down and abandoning module BspMode (502)
[2017.09.11-13.31.56:997][154]LogModuleManager: Shutting down and abandoning module PIEPreviewDeviceProfileSelector (500)
[2017.09.11-13.31.56:997][154]LogModuleManager: Shutting down and abandoning module HardwareSurvey (498)
[2017.09.11-13.31.56:997][154]LogModuleManager: Shutting down and abandoning module SequenceRecorderSections (496)
[2017.09.11-13.31.56:997][154]LogModuleManager: Shutting down and abandoning module AutomationWorker (494)
[2017.09.11-13.31.56:997][154]LogModuleManager: Shutting down and abandoning module MatineeToLevelSequence (492)
[2017.09.11-13.31.56:997][154]LogModuleManager: Shutting down and abandoning module LevelSequenceEditor (490)
[2017.09.11-13.31.56:997][154]LogModuleManager: Shutting down and abandoning module PlacementMode (489)
[2017.09.11-13.31.56:997][154]LogModuleManager: Shutting down and abandoning module WmfMediaFactory (486)
[2017.09.11-13.31.56:997][154]LogModuleManager: Shutting down and abandoning module WmfMediaEditor (484)
[2017.09.11-13.31.56:997][154]LogModuleManager: Shutting down and abandoning module AvfMediaFactory (482)
[2017.09.11-13.31.56:997][154]LogModuleManager: Shutting down and abandoning module AvfMediaEditor (480)
[2017.09.11-13.31.56:997][154]LogModuleManager: Shutting down and abandoning module AndroidMediaFactory (478)
[2017.09.11-13.31.56:997][154]LogModuleManager: Shutting down and abandoning module Media (477)
[2017.09.11-13.31.56:997][154]LogModuleManager: Shutting down and abandoning module AndroidMediaEditor (474)
[2017.09.11-13.31.56:997][154]LogModuleManager: Shutting down and abandoning module CharacterAI (472)
[2017.09.11-13.31.56:997][154]LogModuleManager: Shutting down and abandoning module AudioCapture (470)
[2017.09.11-13.31.56:997][154]LogModuleManager: Shutting down and abandoning module SequenceRecorder (469)
[2017.09.11-13.31.56:997][154]LogModuleManager: Shutting down and abandoning module SmartSnapping (466)
[2017.09.11-13.31.56:997][154]LogModuleManager: Shutting down and abandoning module SessionServices (464)
[2017.09.11-13.31.56:997][154]LogModuleManager: Shutting down and abandoning module ViewportSnapping (462)
[2017.09.11-13.31.56:997][154]LogModuleManager: Shutting down and abandoning module ViewportInteraction (460)
[2017.09.11-13.31.56:997][154]LogModuleManager: Shutting down and abandoning module ClothPainter (458)
[2017.09.11-13.31.56:997][154]LogModuleManager: Shutting down and abandoning module LogVisualizer (456)
[2017.09.11-13.31.56:997][154]LogModuleManager: Shutting down and abandoning module IntroTutorials (454)
[2017.09.11-13.31.56:998][154]LogModuleManager: Shutting down and abandoning module GameProjectGeneration (453)
[2017.09.11-13.31.56:998][154]LogModuleManager: Shutting down and abandoning module IOSPlatformEditor (450)
[2017.09.11-13.31.56:998][154]LogModuleManager: Shutting down and abandoning module HTML5PlatformEditor (448)
[2017.09.11-13.31.56:998][154]LogModuleManager: Shutting down and abandoning module AndroidPlatformEditor (446)
[2017.09.11-13.31.56:998][154]LogModuleManager: Shutting down and abandoning module AndroidDeviceDetection (445)
[2017.09.11-13.31.57:552][154]LogModuleManager: Shutting down and abandoning module WindowsPlatformEditor (442)
[2017.09.11-13.31.57:552][154]LogModuleManager: Shutting down and abandoning module IOSRuntimeSettings (440)
[2017.09.11-13.31.57:552][154]LogModuleManager: Shutting down and abandoning module AndroidRuntimeSettings (438)
[2017.09.11-13.31.57:552][154]LogModuleManager: Shutting down and abandoning module InputBindingEditor (436)
[2017.09.11-13.31.57:552][154]LogModuleManager: Shutting down and abandoning module MergeActors (434)
[2017.09.11-13.31.57:552][154]LogModuleManager: Shutting down and abandoning module SizeMap (432)
[2017.09.11-13.31.57:552][154]LogModuleManager: Shutting down and abandoning module TreeMap (430)
[2017.09.11-13.31.57:552][154]LogModuleManager: Shutting down and abandoning module ReferenceViewer (428)
[2017.09.11-13.31.57:552][154]LogModuleManager: Shutting down and abandoning module LocalizationDashboard (426)
[2017.09.11-13.31.57:552][154]LogModuleManager: Shutting down and abandoning module LocalizationService (425)
[2017.09.11-13.31.57:552][154]LogModuleManager: Shutting down and abandoning module HardwareTargeting (422)
[2017.09.11-13.31.57:552][154]LogModuleManager: Shutting down and abandoning module DeviceProfileEditor (420)
[2017.09.11-13.31.57:553][154]LogModuleManager: Shutting down and abandoning module UndoHistory (418)
[2017.09.11-13.31.57:553][154]LogModuleManager: Shutting down and abandoning module XmlParser (416)
[2017.09.11-13.31.57:553][154]LogModuleManager: Shutting down and abandoning module Blutility (414)
[2017.09.11-13.31.57:553][154]LogModuleManager: Shutting down and abandoning module ProjectSettingsViewer (412)
[2017.09.11-13.31.57:553][154]LogModuleManager: Shutting down and abandoning module ProjectTargetPlatformEditor (411)
[2017.09.11-13.31.57:553][154]LogModuleManager: Shutting down and abandoning module EditorSettingsViewer (408)
[2017.09.11-13.31.57:553][154]LogModuleManager: Shutting down and abandoning module SettingsEditor (406)
[2017.09.11-13.31.57:553][154]LogModuleManager: Shutting down and abandoning module ProjectLauncher (404)
[2017.09.11-13.31.57:553][154]LogModuleManager: Shutting down and abandoning module SessionFrontend (402)
[2017.09.11-13.31.57:553][154]LogModuleManager: Shutting down and abandoning module ProfilerClient (400)
[2017.09.11-13.31.57:553][154]LogModuleManager: Shutting down and abandoning module DeviceManager (398)
[2017.09.11-13.31.57:553][154]LogModuleManager: Shutting down and abandoning module TargetDeviceServices (397)
[2017.09.11-13.31.57:604][154]LogModuleManager: Shutting down and abandoning module AutomationController (394)
[2017.09.11-13.31.57:604][154]LogModuleManager: Shutting down and abandoning module AutomationWindow (392)
[2017.09.11-13.31.57:604][154]LogModuleManager: Shutting down and abandoning module Layers (390)
[2017.09.11-13.31.57:604][154]LogModuleManager: Shutting down and abandoning module ComponentVisualizers (388)
[2017.09.11-13.31.57:604][154]LogModuleManager: Shutting down and abandoning module DetailCustomizations (386)
[2017.09.11-13.31.57:604][154]LogModuleManager: Shutting down and abandoning module PackagesDialog (384)
[2017.09.11-13.31.57:605][154]LogModuleManager: Shutting down and abandoning module Persona (382)
[2017.09.11-13.31.57:605][154]LogModuleManager: Shutting down and abandoning module AdvancedPreviewScene (381)
[2017.09.11-13.31.57:605][154]LogModuleManager: Shutting down and abandoning module AnimGraph (379)
[2017.09.11-13.31.57:605][154]LogModuleManager: Shutting down and abandoning module Kismet (376)
[2017.09.11-13.31.57:606][154]LogModuleManager: Shutting down and abandoning module ClassViewer (374)
[2017.09.11-13.31.57:606][154]LogModuleManager: Shutting down and abandoning module Toolbox (372)
[2017.09.11-13.31.57:606][154]LogModuleManager: Shutting down and abandoning module ModuleUI (370)
[2017.09.11-13.31.57:606][154]LogModuleManager: Shutting down and abandoning module MovieSceneTools (368)
[2017.09.11-13.31.57:606][154]LogModuleManager: Shutting down and abandoning module OutputLog (366)
[2017.09.11-13.31.57:606][154]LogModuleManager: Shutting down and abandoning module GammaUI (364)
[2017.09.11-13.31.57:606][154]LogModuleManager: Shutting down and abandoning module Documentation (362)
[2017.09.11-13.31.57:606][154]LogModuleManager: Shutting down and abandoning module MovieSceneTracks (360)
[2017.09.11-13.31.57:606][154]LogModuleManager: Shutting down and abandoning module MovieScene (358)
[2017.09.11-13.31.57:606][154]LogModuleManager: Shutting down and abandoning module Niagara (356)
[2017.09.11-13.31.57:606][154]LogModuleManager: Shutting down and abandoning module NiagaraEditor (355)
[2017.09.11-13.31.57:606][154]LogModuleManager: Shutting down and abandoning module StreamingPauseRendering (352)
[2017.09.11-13.31.57:606][154]LogModuleManager: Shutting down and abandoning module LauncherPlatform (350)
[2017.09.11-13.31.57:606][154]LogModuleManager: Shutting down and abandoning module AnalyticsET (348)
[2017.09.11-13.31.57:606][154]LogModuleManager: Shutting down and abandoning module PortalServices (346)
[2017.09.11-13.31.57:606][154]LogModuleManager: Shutting down and abandoning module PortalRpc (344)
[2017.09.11-13.31.57:606][154]LogModuleManager: Shutting down and abandoning module MessagingRpc (342)
[2017.09.11-13.31.57:606][154]LogModuleManager: Shutting down and abandoning module AIModule (340)
[2017.09.11-13.31.57:606][154]LogModuleManager: Shutting down and abandoning module GameplayDebugger (339)
[2017.09.11-13.31.57:606][154]LogModuleManager: Shutting down and abandoning module AITestSuite (337)
[2017.09.11-13.31.57:606][154]LogModuleManager: Shutting down and abandoning module ProfilerService (334)
[2017.09.11-13.31.57:824][154]LogModuleManager: Shutting down and abandoning module TaskGraph (332)
[2017.09.11-13.31.57:824][154]LogModuleManager: Shutting down and abandoning module SteamVRController (330)
[2017.09.11-13.31.57:824][154]LogModuleManager: Shutting down and abandoning module ProceduralMeshComponentEditor (328)
[2017.09.11-13.31.57:824][154]LogModuleManager: Shutting down and abandoning module ProceduralMeshComponent (326)
[2017.09.11-13.31.57:824][154]LogModuleManager: Shutting down and abandoning module OculusInput (324)
[2017.09.11-13.31.57:824][154]LogModuleManager: Shutting down and abandoning module MobilePatchingUtils (322)
[2017.09.11-13.31.57:824][154]LogModuleManager: Shutting down and abandoning module CustomMeshComponent (320)
[2017.09.11-13.31.57:824][154]LogModuleManager: Shutting down and abandoning module CableComponent (318)
[2017.09.11-13.31.57:824][154]LogModuleManager: Shutting down and abandoning module ArchVisCharacter (316)
[2017.09.11-13.31.57:824][154]LogModuleManager: Shutting down and abandoning module AndroidPermission (314)
[2017.09.11-13.31.57:824][154]LogModuleManager: Shutting down and abandoning module MediaPlayerEditor (310)
[2017.09.11-13.31.57:824][154]LogModuleManager: Shutting down and abandoning module HTML5Networking (308)
[2017.09.11-13.31.57:824][154]LogModuleManager: Shutting down and abandoning module AlembicImporter (306)
[2017.09.11-13.31.57:824][154]LogModuleManager: Shutting down and abandoning module AlembicLibrary (305)
[2017.09.11-13.31.57:825][154]LogModuleManager: Shutting down and abandoning module GeometryCache (304)
[2017.09.11-13.31.57:825][154]LogModuleManager: Shutting down and abandoning module GeometryCacheEd (303)
[2017.09.11-13.31.57:825][154]LogModuleManager: Shutting down and abandoning module SpeedTreeImporter (298)
[2017.09.11-13.31.57:825][154]LogModuleManager: Shutting down and abandoning module PluginBrowser (296)
[2017.09.11-13.31.57:825][154]LogModuleManager: Shutting down and abandoning module MobileLauncherProfileWizard (294)
[2017.09.11-13.31.57:825][154]LogModuleManager: Shutting down and abandoning module VisualStudioSourceCodeAccess (292)
[2017.09.11-13.31.57:825][154]LogModuleManager: Shutting down and abandoning module DesktopPlatform (291)
[2017.09.11-13.31.57:825][154]LogModuleManager: Shutting down and abandoning module UObjectPlugin (288)
[2017.09.11-13.31.57:825][154]LogModuleManager: Shutting down and abandoning module SubversionSourceControl (286)
[2017.09.11-13.31.57:825][154]LogModuleManager: Shutting down and abandoning module PerforceSourceControl (284)
[2017.09.11-13.31.57:825][154]LogModuleManager: Shutting down and abandoning module GitSourceControl (282)
[2017.09.11-13.31.57:825][154]LogModuleManager: Shutting down and abandoning module SourceControl (281)
[2017.09.11-13.31.57:825][154]LogModuleManager: Shutting down and abandoning module LightPropagationVolumeEditor (278)
[2017.09.11-13.31.57:825][154]LogModuleManager: Shutting down and abandoning module PaperTiledImporter (276)
[2017.09.11-13.31.57:825][154]LogModuleManager: Shutting down and abandoning module PaperSpriteSheetImporter (274)
[2017.09.11-13.31.57:825][154]LogModuleManager: Shutting down and abandoning module Paper2DEditor (272)
[2017.09.11-13.31.57:825][154]LogModuleManager: Shutting down and abandoning module MeshPaint (271)
[2017.09.11-13.31.57:825][154]LogModuleManager: Shutting down and abandoning module LevelEditor (269)
[2017.09.11-13.31.57:826][154]LogModuleManager: Shutting down and abandoning module PixelInspectorModule (268)
[2017.09.11-13.31.57:826][154]LogModuleManager: Shutting down and abandoning module MainFrame (266)
[2017.09.11-13.31.57:826][154]LogModuleManager: Shutting down and abandoning module HotReload (265)
[2017.09.11-13.31.57:827][154]LogModuleManager: Shutting down and abandoning module RuntimePhysXCooking (260)
[2017.09.11-13.31.57:827][154]LogModuleManager: Shutting down and abandoning module PhysXVehiclesEditor (258)
[2017.09.11-13.31.57:827][154]LogModuleManager: Shutting down and abandoning module PhysXVehicles (256)
[2017.09.11-13.31.57:827][154]LogModuleManager: Shutting down and abandoning module OculusEditor (254)
[2017.09.11-13.31.57:827][154]LogModuleManager: Shutting down and abandoning module LocationServicesBPLibrary (252)
[2017.09.11-13.31.57:827][154]LogModuleManager: Shutting down and abandoning module ImmediatePhysicsEditor (250)
[2017.09.11-13.31.57:827][154]LogModuleManager: Shutting down and abandoning module ImmediatePhysics (248)
[2017.09.11-13.31.57:827][154]LogModuleManager: Shutting down and abandoning module UdpMessaging (246)
[2017.09.11-13.31.57:928][154]LogModuleManager: Shutting down and abandoning module TcpMessaging (244)
[2017.09.11-13.31.58:028][154]LogModuleManager: Shutting down and abandoning module GameplayTagsEditor (242)
[2017.09.11-13.31.58:028][154]LogModuleManager: Shutting down and abandoning module FacialAnimationEditor (240)
[2017.09.11-13.31.58:028][154]LogModuleManager: Shutting down and abandoning module FacialAnimation (238)
[2017.09.11-13.31.58:028][154]LogModuleManager: Shutting down and abandoning module AssetManagerEditor (236)
[2017.09.11-13.31.58:028][154]LogModuleManager: Shutting down and abandoning module GraphEditor (235)
[2017.09.11-13.31.58:028][154]LogModuleManager: Shutting down and abandoning module ContentBrowser (233)
[2017.09.11-13.31.58:029][154]LogModuleManager: Shutting down and abandoning module LightPropagationVolumeRuntime (230)
[2017.09.11-13.31.58:029][154]LogModuleManager: Shutting down and abandoning module Paper2D (228)
[2017.09.11-13.31.58:029][154]LogModuleManager: Shutting down and abandoning module WindowsMoviePlayer (226)
[2017.09.11-13.31.58:029][154]LogModuleManager: Shutting down and abandoning module WmfMedia (224)
[2017.09.11-13.31.58:029][154]LogModuleManager: Shutting down and abandoning module PacketHandler (222)
[2017.09.11-13.31.58:029][154]LogModuleManager: Shutting down and abandoning module ClothingSystemEditor (220)
[2017.09.11-13.31.58:029][154]LogModuleManager: Shutting down and abandoning module ClothingSystemRuntime (218)
[2017.09.11-13.31.58:029][154]LogModuleManager: Shutting down and abandoning module Overlay (216)
[2017.09.11-13.31.58:029][154]LogModuleManager: Shutting down and abandoning module OverlayEditor (215)
[2017.09.11-13.31.58:030][154]LogModuleManager: Shutting down and abandoning module MediaAssets (212)
[2017.09.11-13.31.58:030][154]LogModuleManager: Shutting down and abandoning module VREditor (210)
[2017.09.11-13.31.58:030][154]LogModuleManager: Shutting down and abandoning module StringTableEditor (208)
[2017.09.11-13.31.58:030][154]LogModuleManager: Shutting down and abandoning module GameplayTasksEditor (206)
[2017.09.11-13.31.58:030][154]LogModuleManager: Shutting down and abandoning module BehaviorTreeEditor (204)
[2017.09.11-13.31.58:030][154]LogModuleManager: Shutting down and abandoning module FunctionalTesting (202)
[2017.09.11-13.31.58:030][154]LogModuleManager: Shutting down and abandoning module CollisionAnalyzer (200)
[2017.09.11-13.31.58:030][154]LogModuleManager: Shutting down and abandoning module WorkspaceMenuStructure (199)
[2017.09.11-13.31.58:030][154]LogModuleManager: Shutting down and abandoning module UMG (196)
[2017.09.11-13.31.58:030][154]LogModuleManager: Shutting down and abandoning module UMGEditor (195)
[2017.09.11-13.31.58:030][154]LogModuleManager: Shutting down and abandoning module Sequencer (194)
[2017.09.11-13.31.58:030][154]LogModuleManager: Shutting down and abandoning module MessageLog (191)
[2017.09.11-13.31.58:030][154]LogModuleManager: Shutting down and abandoning module SlateReflector (186)
[2017.09.11-13.31.58:030][154]LogModuleManager: Shutting down and abandoning module Slate (184)
[2017.09.11-13.31.58:030][154]LogModuleManager: Shutting down and abandoning module EditorStyle (182)
[2017.09.11-13.31.58:032][154]LogModuleManager: Shutting down and abandoning module MRMesh (180)
[2017.09.11-13.31.58:032][154]LogModuleManager: Shutting down and abandoning module SourceCodeAccess (178)
[2017.09.11-13.31.58:032][154]LogModuleManager: Shutting down and abandoning module HeadMountedDisplay (176)
[2017.09.11-13.31.58:032][154]LogModuleManager: Shutting down and abandoning module XAudio2 (174)
[2017.09.11-13.31.58:032][154]LogModuleManager: Shutting down and abandoning module Networking (172)
[2017.09.11-13.31.58:032][154]LogModuleManager: Shutting down and abandoning module Core (168)
[2017.09.11-13.31.58:032][154]LogModuleManager: Shutting down and abandoning module KismetCompiler (164)
[2017.09.11-13.31.58:032][154]LogModuleManager: Shutting down and abandoning module LevelSequence (162)
[2017.09.11-13.31.58:032][154]LogModuleManager: Shutting down and abandoning module MeshUtilities (160)
[2017.09.11-13.31.58:032][154]LogModuleManager: Shutting down and abandoning module MeshMergeUtilities (159)
[2017.09.11-13.31.58:032][154]LogModuleManager: Shutting down and abandoning module MeshReductionInterface (158)
[2017.09.11-13.31.58:032][154]LogModuleManager: Shutting down and abandoning module SimplygonSwarm (157)
[2017.09.11-13.31.58:032][154]LogModuleManager: Shutting down and abandoning module SimplygonMeshReduction (155)
[2017.09.11-13.31.58:032][154]LogModuleManager: Shutting down and abandoning module QuadricMeshReduction (153)
[2017.09.11-13.31.58:032][154]LogModuleManager: Shutting down and abandoning module MaterialBaking (149)
[2017.09.11-13.31.58:032][154]LogModuleManager: Shutting down and abandoning module DirectoryWatcher (146)
[2017.09.11-13.31.58:033][154]LogModuleManager: Shutting down and abandoning module DerivedDataCache (144)
[2017.09.11-13.31.58:057][154]LogDerivedDataCache: Shutdown
[2017.09.11-13.31.58:057][154]LogModuleManager: Shutting down and abandoning module TargetPlatform (142)
[2017.09.11-13.31.58:057][154]LogModuleManager: Shutting down and abandoning module VulkanShaderFormat (141)
[2017.09.11-13.31.58:057][154]LogModuleManager: Shutting down and abandoning module ShaderFormatVectorVM (139)
[2017.09.11-13.31.58:057][154]LogModuleManager: Shutting down and abandoning module ShaderFormatOpenGL (137)
[2017.09.11-13.31.58:057][154]LogModuleManager: Shutting down and abandoning module ShaderFormatD3D (135)
[2017.09.11-13.31.58:057][154]LogModuleManager: Shutting down and abandoning module MetalShaderFormat (133)
[2017.09.11-13.31.58:057][154]LogModuleManager: Shutting down and abandoning module TextureFormatUncompressed (131)
[2017.09.11-13.31.58:057][154]LogModuleManager: Shutting down and abandoning module TextureFormatPVR (129)
[2017.09.11-13.31.58:057][154]LogModuleManager: Shutting down and abandoning module TextureFormatDXT (127)
[2017.09.11-13.31.58:057][154]LogModuleManager: Shutting down and abandoning module TextureFormatIntelISPCTexComp (125)
[2017.09.11-13.31.58:057][154]LogModuleManager: Shutting down and abandoning module TextureFormatASTC (123)
[2017.09.11-13.31.58:057][154]LogModuleManager: Shutting down and abandoning module ImageWrapper (122)
[2017.09.11-13.31.58:057][154]LogModuleManager: Shutting down and abandoning module TextureFormatAndroid (119)
[2017.09.11-13.31.58:057][154]LogModuleManager: Shutting down and abandoning module AudioFormatOpus (117)
[2017.09.11-13.31.58:057][154]LogModuleManager: Shutting down and abandoning module AudioFormatOgg (115)
[2017.09.11-13.31.58:057][154]LogModuleManager: Shutting down and abandoning module AudioFormatADPCM (113)
[2017.09.11-13.31.58:057][154]LogModuleManager: Shutting down and abandoning module LinuxTargetPlatform (111)
[2017.09.11-13.31.58:057][154]LogModuleManager: Shutting down and abandoning module LinuxServerTargetPlatform (109)
[2017.09.11-13.31.58:057][154]LogModuleManager: Shutting down and abandoning module LinuxNoEditorTargetPlatform (107)
[2017.09.11-13.31.58:057][154]LogModuleManager: Shutting down and abandoning module LinuxClientTargetPlatform (105)
[2017.09.11-13.31.58:057][154]LogModuleManager: Shutting down and abandoning module TVOSTargetPlatform (103)
[2017.09.11-13.31.58:057][154]LogModuleManager: Shutting down and abandoning module Messaging (101)
[2017.09.11-13.31.58:057][154]LogModuleManager: Shutting down and abandoning module IOSTargetPlatform (99)
[2017.09.11-13.31.58:057][154]LogModuleManager: Shutting down and abandoning module HTML5TargetPlatform (97)
[2017.09.11-13.31.58:057][154]LogModuleManager: Shutting down and abandoning module Android_PVRTCTargetPlatform (95)
[2017.09.11-13.31.58:057][154]LogModuleManager: Shutting down and abandoning module Android_MultiTargetPlatform (93)
[2017.09.11-13.31.58:057][154]LogModuleManager: Shutting down and abandoning module Android_ETC2TargetPlatform (91)
[2017.09.11-13.31.58:057][154]LogModuleManager: Shutting down and abandoning module Android_ETC1TargetPlatform (89)
[2017.09.11-13.31.58:057][154]LogModuleManager: Shutting down and abandoning module Android_DXTTargetPlatform (87)
[2017.09.11-13.31.58:057][154]LogModuleManager: Shutting down and abandoning module Android_ATCTargetPlatform (85)
[2017.09.11-13.31.58:057][154]LogModuleManager: Shutting down and abandoning module Android_ASTCTargetPlatform (83)
[2017.09.11-13.31.58:057][154]LogModuleManager: Shutting down and abandoning module AndroidTargetPlatform (81)
[2017.09.11-13.31.58:057][154]LogModuleManager: Shutting down and abandoning module WindowsTargetPlatform (79)
[2017.09.11-13.31.58:057][154]LogModuleManager: Shutting down and abandoning module WindowsServerTargetPlatform (77)
[2017.09.11-13.31.58:057][154]LogModuleManager: Shutting down and abandoning module WindowsNoEditorTargetPlatform (75)
[2017.09.11-13.31.58:057][154]LogModuleManager: Shutting down and abandoning module WindowsClientTargetPlatform (73)
[2017.09.11-13.31.58:057][154]LogModuleManager: Shutting down and abandoning module MacTargetPlatform (71)
[2017.09.11-13.31.58:057][154]LogModuleManager: Shutting down and abandoning module MacServerTargetPlatform (69)
[2017.09.11-13.31.58:057][154]LogModuleManager: Shutting down and abandoning module MacNoEditorTargetPlatform (67)
[2017.09.11-13.31.58:057][154]LogModuleManager: Shutting down and abandoning module MacClientTargetPlatform (65)
[2017.09.11-13.31.58:057][154]LogModuleManager: Shutting down and abandoning module AllDesktopTargetPlatform (63)
[2017.09.11-13.31.58:057][154]LogModuleManager: Shutting down and abandoning module InputCore (60)
[2017.09.11-13.31.58:058][154]LogModuleManager: Shutting down and abandoning module Settings (58)
[2017.09.11-13.31.58:058][154]LogModuleManager: Shutting down and abandoning module PhysXCooking (56)
[2017.09.11-13.31.58:058][154]LogModuleManager: Shutting down and abandoning module SteamVR (54)
[2017.09.11-13.31.58:058][154]LogModuleManager: Shutting down and abandoning module OculusHMD (52)
[2017.09.11-13.31.58:058][154]LogModuleManager: Shutting down and abandoning module ExampleDeviceProfileSelector (50)
[2017.09.11-13.31.58:058][154]LogModuleManager: Shutting down and abandoning module OnlineBlueprintSupport (48)
[2017.09.11-13.31.58:058][154]LogModuleManager: Shutting down and abandoning module OnlineSubsystem (44)
[2017.09.11-13.31.58:058][154]LogOnline: Display: Unloading online subsystem: NULL
[2017.09.11-13.31.58:058][154]LogModuleManager: Shutting down and abandoning module XMPP (43)
[2017.09.11-13.31.58:058][154]LogModuleManager: Shutting down and abandoning module HTTP (41)
[2017.09.11-13.31.58:058][154]LogHttp: Display: Http module shutting down, but needs to wait on 1 outstanding Http requests:
[2017.09.11-13.31.58:058][154]LogHttp: Display: 	verb=[POST] url=[https://datarouter.ol.epicgames.com/datarouter/api/v1/public/data?SessionID=%7B83149BEF-463A-6DC1-166F-6B80427D1537%7D&AppID=UEEditor.Rocket.Release&AppVersion=4.17.1-3586342%2B%2B%2BUE4%2BRelease-4.17&UserID=ff761f5d4b27ee23a52340bf121b8d0d%7Ca673a2185fdd4297834c228f6e36c0f3%7C93778242-6a9b-49e3-b220-aee28cbfd798&AppEnvironment=datacollector-binary&UploadType=eteventstream] status=Processing
[2017.09.11-13.31.58:068][154]LogModuleManager: Shutting down and abandoning module SSL (40)
[2017.09.11-13.31.58:069][154]LogModuleManager: Shutting down and abandoning module AnimationModifiers (36)
[2017.09.11-13.31.58:069][154]LogModuleManager: Shutting down and abandoning module PropertyEditor (35)
[2017.09.11-13.31.58:069][154]LogModuleManager: Shutting down and abandoning module AudioEditor (32)
[2017.09.11-13.31.58:069][154]LogModuleManager: Shutting down and abandoning module TextureCompressor (30)
[2017.09.11-13.31.58:069][154]LogModuleManager: Shutting down and abandoning module ShaderCore (28)
[2017.09.11-13.31.58:069][154]LogModuleManager: Shutting down and abandoning module Landscape (26)
[2017.09.11-13.31.58:069][154]LogModuleManager: Shutting down and abandoning module SlateRHIRenderer (24)
[2017.09.11-13.31.58:070][154]LogModuleManager: Shutting down and abandoning module OpenGLDrv (22)
[2017.09.11-13.31.58:070][154]LogModuleManager: Shutting down and abandoning module D3D11RHI (20)
[2017.09.11-13.31.58:070][154]LogModuleManager: Shutting down and abandoning module AnimGraphRuntime (18)
[2017.09.11-13.31.58:070][154]LogModuleManager: Shutting down and abandoning module Renderer (16)
[2017.09.11-13.31.58:070][154]LogModuleManager: Shutting down and abandoning module Engine (14)
[2017.09.11-13.31.58:070][154]LogModuleManager: Shutting down and abandoning module CoreUObject (12)
[2017.09.11-13.31.58:070][154]LogModuleManager: Shutting down and abandoning module NetworkFile (10)
[2017.09.11-13.31.58:070][154]LogModuleManager: Shutting down and abandoning module CookedIterativeFile (8)
[2017.09.11-13.31.58:071][154]LogModuleManager: Shutting down and abandoning module StreamingFile (6)
[2017.09.11-13.31.58:071][154]LogModuleManager: Shutting down and abandoning module SandboxFile (4)
[2017.09.11-13.31.58:071][154]LogModuleManager: Shutting down and abandoning module PakFile (2)
[2017.09.11-13.31.58:073][154]LogExit: Exiting.
[2017.09.11-13.31.58:083][154]Log file closed, 09/11/17 15:31:58
