Log file open, 09/11/17 15:11:26
LogWindows: LoadLibraryWithSearchPaths failed for file aqProf.dll. GetLastError=0
LogWindows: LoadLibraryWithSearchPaths failed for file VSPerf140.dll. GetLastError=0
LogWindows: LoadLibraryWithSearchPaths failed for file VtuneApi.dll. GetLastError=0
LogWindows: LoadLibraryWithSearchPaths failed for file VtuneApi32e.dll. GetLastError=0
LogInit: Display: Running engine for game: vegetation_pack
LogPlatformFile: Not using cached read wrapper
LogInit: Display: RandInit(-118748357) SRandInit(-118748356).
LogTaskGraph: Started task graph with 5 named threads and 14 total threads with 3 sets of task threads.
LogStats: Stats thread started at 3.803486
LogD3D11RHI: Aftermath initialized
LogPluginManager: Mounting plugin Paper2D
LogPluginManager: Mounting plugin LightPropagationVolume
LogPluginManager: Mounting plugin CodeLiteSourceCodeAccess
LogPluginManager: Mounting plugin GitSourceControl
LogPluginManager: Mounting plugin KDevelopSourceCodeAccess
LogPluginManager: Mounting plugin NullSourceCodeAccess
LogPluginManager: Mounting plugin PerforceSourceControl
LogPluginManager: Mounting plugin SubversionSourceControl
LogPluginManager: Mounting plugin UObjectPlugin
LogPluginManager: Mounting plugin VisualStudioSourceCodeAccess
LogPluginManager: Mounting plugin XCodeSourceCodeAccess
LogPluginManager: Mounting plugin AssetManagerEditor
LogPluginManager: Mounting plugin AudioCapture
LogPluginManager: Mounting plugin FacialAnimation
LogPluginManager: Mounting plugin GameplayTagsEditor
LogPluginManager: Mounting plugin MobileLauncherProfileWizard
LogPluginManager: Mounting plugin PluginBrowser
LogPluginManager: Mounting plugin SpeedTreeImporter
LogPluginManager: Mounting plugin AlembicImporter
LogPluginManager: Mounting plugin CharacterAI
LogPluginManager: Mounting plugin HTML5Networking
LogPluginManager: Mounting plugin AndroidMedia
LogPluginManager: Mounting plugin AvfMedia
LogPluginManager: Mounting plugin MediaPlayerEditor
LogPluginManager: Mounting plugin WmfMedia
LogPluginManager: Mounting plugin TcpMessaging
LogPluginManager: Mounting plugin UdpMessaging
LogPluginManager: Mounting plugin LevelSequenceEditor
LogPluginManager: Mounting plugin MatineeToLevelSequence
LogPluginManager: Mounting plugin OnlineSubsystemGooglePlay
LogPluginManager: Mounting plugin OnlineSubsystemIOS
LogPluginManager: Mounting plugin OnlineSubsystem
LogPluginManager: Mounting plugin OnlineSubsystemNull
LogPluginManager: Mounting plugin OnlineSubsystemUtils
LogPluginManager: Mounting plugin AndroidDeviceProfileSelector
LogPluginManager: Mounting plugin AndroidMoviePlayer
LogPluginManager: Mounting plugin AndroidPermission
LogPluginManager: Mounting plugin AppleMoviePlayer
LogPluginManager: Mounting plugin ArchVisCharacter
LogPluginManager: Mounting plugin CableComponent
LogPluginManager: Mounting plugin CustomMeshComponent
LogPluginManager: Mounting plugin ExampleDeviceProfileSelector
LogPluginManager: Mounting plugin GoogleCloudMessaging
LogPluginManager: Mounting plugin ImmediatePhysics
LogPluginManager: Mounting plugin IOSDeviceProfileSelector
LogPluginManager: Mounting plugin LinuxDeviceProfileSelector
LogPluginManager: Mounting plugin LocationServicesBPLibrary
LogPluginManager: Mounting plugin MobilePatchingUtils
LogPluginManager: Mounting plugin OculusVR
LogPluginManager: Mounting plugin PhysXVehicles
LogPluginManager: Mounting plugin ProceduralMeshComponent
LogPluginManager: Mounting plugin RuntimePhysXCooking
LogPluginManager: Mounting plugin SteamVR
LogPluginManager: Mounting plugin WindowsMoviePlayer
LogInit: Using libcurl 7.47.1
LogInit:  - built for x86_64-pc-win32
LogInit:  - supports SSL with OpenSSL/1.0.2g
LogInit:  - supports HTTP deflate (compression) using libz 1.2.8
LogInit:  - other features:
LogInit:      CURL_VERSION_SSL
LogInit:      CURL_VERSION_LIBZ
LogInit:      CURL_VERSION_IPV6
LogInit:      CURL_VERSION_ASYNCHDNS
LogInit:      CURL_VERSION_LARGEFILE
LogInit:      CURL_VERSION_IDN
LogInit:  CurlRequestOptions (configurable via config and command line):
LogInit:  - bVerifyPeer = false  - Libcurl will NOT verify peer certificate
LogInit:  - bUseHttpProxy = false  - Libcurl will NOT use HTTP proxy
LogInit:  - bDontReuseConnections = false  - Libcurl will reuse connections
LogInit:  - CertBundlePath = nullptr  - Libcurl will use whatever was configured at build time.
LogInit: Build: ++UE4+Release-4.17-CL-3586342
LogInit: Engine Version: 4.17.1-3586342+++UE4+Release-4.17
LogInit: Compatible Engine Version: 4.17.0-3573198+++UE4+Release-4.17
LogInit: Net CL: 3573198
LogDevObjectVersion: Number of dev versions registered: 16
LogDevObjectVersion:   Dev-Blueprints (B0D832E4-1F89-4F0D-ACCF-7EB736FD4AA2): 10
LogDevObjectVersion:   Dev-Build (E1C64328-A22C-4D53-A36C-8E866417BD8C): 0
LogDevObjectVersion:   Dev-Core (375EC13C-06E4-48FB-B500-84F0262A717E): 2
LogDevObjectVersion:   Dev-Editor (E4B068ED-F494-42E9-A231-DA0B2E46BB41): 20
LogDevObjectVersion:   Dev-Framework (CFFC743F-43B0-4480-9391-14DF171D2073): 28
LogDevObjectVersion:   Dev-Mobile (B02B49B5-BB20-44E9-A304-32B752E40360): 0
LogDevObjectVersion:   Dev-Networking (A4E4105C-59A1-49B5-A7C5-40C4547EDFEE): 0
LogDevObjectVersion:   Dev-Online (39C831C9-5AE6-47DC-9A44-9C173E1C8E7C): 0
LogDevObjectVersion:   Dev-Physics (78F01B33-EBEA-4F98-B9B4-84EACCB95AA2): 0
LogDevObjectVersion:   Dev-Platform (6631380F-2D4D-43E0-8009-CF276956A95A): 0
LogDevObjectVersion:   Dev-Rendering (12F88B9F-8875-4AFC-A67C-D90C383ABD29): 19
LogDevObjectVersion:   Dev-Sequencer (7B5AE74C-D270-4C10-A958-57980B212A5A): 4
LogDevObjectVersion:   Dev-VR (D7296918-1DD6-4BDD-9DE2-64A83CC13884): 0
LogDevObjectVersion:   Dev-LoadTimes (C2A15278-BFE7-4AFE-6C17-90FF531DF755): 1
LogDevObjectVersion:   Private-Geometry (6EACA3D4-40EC-4CC1-B786-8BED09428FC5): 1
LogDevObjectVersion:   Dev-AnimPhys (29E575DD-E0A3-4627-9D10-D276232CDCEA): 7
LogInit: Compiled (64-bit): Aug 15 2017 02:05:26
LogInit: Compiled with Visual C++: 19.00.24215.01
LogInit: Build Configuration: Development
LogInit: Branch Name: ++UE4+Release-4.17
LogInit: Command line:  
LogInit: Base directory: J:/UE_4.17/Engine/Binaries/Win64/
LogInit: Installed Engine Build: 1
LogInit: Presizing for max 8388607 objects, including 0 objects not considered by GC, pre-allocating 0 bytes for permanent pool.
LogInit: Object subsystem initialized
[2017.09.11-13.11.28:621][  0]LogInit: Selected Device Profile: [Windows]
[2017.09.11-13.11.28:621][  0]LogInit: Applying CVar settings loaded from the selected device profile: [Windows]
[2017.09.11-13.11.28:728][  0]LogInit: Computer: ADMIN-PC
[2017.09.11-13.11.28:729][  0]LogInit: User: Admin
[2017.09.11-13.11.28:729][  0]LogInit: CPU Page size=4096, Cores=4
[2017.09.11-13.11.28:729][  0]LogInit: High frequency timer resolution =3.312791 MHz
[2017.09.11-13.11.28:730][  0]LogMemory: Memory total: Physical=7.9GB (8GB approx)
[2017.09.11-13.11.28:730][  0]LogMemory: Platform Memory Stats for Windows
[2017.09.11-13.11.28:730][  0]LogMemory: Process Physical Memory: 277.43 MB used, 277.43 MB peak
[2017.09.11-13.11.28:730][  0]LogMemory: Process Virtual Memory: 274.00 MB used, 274.00 MB peak
[2017.09.11-13.11.28:730][  0]LogMemory: Physical Memory: 3366.97 MB used,  4709.45 MB free, 8076.42 MB total
[2017.09.11-13.11.28:730][  0]LogMemory: Virtual Memory: 668.07 MB used,  4709.45 MB free, 134217728.00 MB total
[2017.09.11-13.11.30:166][  0]LogInit: Using OS detected language (de-DE).
[2017.09.11-13.11.30:166][  0]LogInit: Using OS detected locale (de-DE).
[2017.09.11-13.11.30:405][  0]LogTextLocalizationManager: No localization for 'de-DE' exists, so 'en' will be used for the language.
[2017.09.11-13.11.30:406][  0]LogTextLocalizationManager: No localization for 'de-DE' exists, so 'en' will be used for the locale.
[2017.09.11-13.11.33:643][  0]LogD3D11RHI: D3D11 adapters:
[2017.09.11-13.11.34:909][  0]LogD3D11RHI:    0. 'NVIDIA GeForce GTX 960' (Feature Level 11_0)
[2017.09.11-13.11.34:909][  0]LogD3D11RHI:       4062/0/4038 MB DedicatedVideo/DedicatedSystem/SharedSystem, Outputs:1, VendorId:0x10de
[2017.09.11-13.11.34:933][  0]LogD3D11RHI:    1. 'Intel(R) HD Graphics' (Feature Level 11_0)
[2017.09.11-13.11.34:933][  0]LogD3D11RHI:       32/0/1760 MB DedicatedVideo/DedicatedSystem/SharedSystem, Outputs:0, VendorId:0x8086
[2017.09.11-13.11.34:936][  0]LogD3D11RHI:    2. 'Microsoft Basic Render Driver' (Feature Level 11_0)
[2017.09.11-13.11.34:936][  0]LogD3D11RHI:       0/0/4038 MB DedicatedVideo/DedicatedSystem/SharedSystem, Outputs:0, VendorId:0x1414
[2017.09.11-13.11.34:936][  0]LogD3D11RHI: Chosen D3D11 Adapter: 0
[2017.09.11-13.11.34:945][  0]LogD3D11RHI: Creating new Direct3DDevice
[2017.09.11-13.11.34:946][  0]LogD3D11RHI:     GPU DeviceId: 0x1401 (for the marketing name, search the web for "GPU Device Id")
[2017.09.11-13.11.34:946][  0]LogWindows: EnumDisplayDevices:
[2017.09.11-13.11.34:946][  0]LogWindows:    0. 'NVIDIA GeForce GTX 960' (P:1 D:1)
[2017.09.11-13.11.34:946][  0]LogWindows:    1. 'NVIDIA GeForce GTX 960' (P:0 D:0)
[2017.09.11-13.11.34:947][  0]LogWindows:    2. 'NVIDIA GeForce GTX 960' (P:0 D:0)
[2017.09.11-13.11.34:947][  0]LogWindows:    3. 'NVIDIA GeForce GTX 960' (P:0 D:0)
[2017.09.11-13.11.34:948][  0]LogWindows:    4. 'Intel(R) HD Graphics' (P:0 D:0)
[2017.09.11-13.11.34:948][  0]LogWindows:    5. 'Intel(R) HD Graphics' (P:0 D:0)
[2017.09.11-13.11.34:948][  0]LogWindows:    6. 'Intel(R) HD Graphics' (P:0 D:0)
[2017.09.11-13.11.34:949][  0]LogWindows: DebugString: PrimaryIsNotTheChoosenAdapter PrimaryIsNotTheChoosenAdapter PrimaryIsNotTheChoosenAdapter FoundDriverCount:4 
[2017.09.11-13.11.34:949][  0]LogD3D11RHI:     Adapter Name: NVIDIA GeForce GTX 960
[2017.09.11-13.11.34:954][  0]LogD3D11RHI:   Driver Version: 382.33 (internal:22.21.13.8233, unified:382.33)
[2017.09.11-13.11.34:954][  0]LogD3D11RHI:      Driver Date: 5-17-2017
[2017.09.11-13.11.34:954][  0]LogRHI: Texture pool is 1361 MB (70% of 1945 MB)
[2017.09.11-13.11.36:271][  0]LogD3D11RHI: Async texture creation enabled
[2017.09.11-13.11.36:904][  0]LogD3D11RHI: GPU Timing Frequency: 1000.000000 (Debug: 2 1)
[2017.09.11-13.11.36:991][  0]LogShaderCompilers: Guid format shader working directory is -10 characters bigger than the processId version (C:/Users/Admin/Documents/Unreal Projects/vegetation_pack/Intermediate/Shaders/WorkingDirectory/9384/).
[2017.09.11-13.11.36:992][  0]LogShaderCompilers: Cleaned the shader compiler working directory 'C:/Users/Admin/AppData/Local/Temp/UnrealShaderWorkingDir/2E3E5B7147942C0D3EF9D7B6F68A3C76/'.
[2017.09.11-13.11.37:008][  0]LogShaderCompilers: Display: Using Local Shader Compiler.
[2017.09.11-13.11.41:870][  0]LogTemp: Display: Loaded TP AllDesktopTargetPlatform
[2017.09.11-13.11.41:991][  0]LogTemp: Display: Loaded TP MacClientTargetPlatform
[2017.09.11-13.11.42:120][  0]LogTemp: Display: Loaded TP MacNoEditorTargetPlatform
[2017.09.11-13.11.42:234][  0]LogTemp: Display: Loaded TP MacServerTargetPlatform
[2017.09.11-13.11.42:371][  0]LogTemp: Display: Loaded TP MacTargetPlatform
[2017.09.11-13.11.42:498][  0]LogTemp: Display: Loaded TP WindowsClientTargetPlatform
[2017.09.11-13.11.42:635][  0]LogTemp: Display: Loaded TP WindowsNoEditorTargetPlatform
[2017.09.11-13.11.42:756][  0]LogTemp: Display: Loaded TP WindowsServerTargetPlatform
[2017.09.11-13.11.42:871][  0]LogTemp: Display: Loaded TP WindowsTargetPlatform
[2017.09.11-13.11.43:001][  0]LogTemp: Display: Loaded TP AndroidTargetPlatform
[2017.09.11-13.11.43:141][  0]LogTemp: Display: Loaded TP Android_ASTCTargetPlatform
[2017.09.11-13.11.43:264][  0]LogTemp: Display: Loaded TP Android_ATCTargetPlatform
[2017.09.11-13.11.43:383][  0]LogTemp: Display: Loaded TP Android_DXTTargetPlatform
[2017.09.11-13.11.43:497][  0]LogTemp: Display: Loaded TP Android_ETC1TargetPlatform
[2017.09.11-13.11.43:611][  0]LogTemp: Display: Loaded TP Android_ETC2TargetPlatform
[2017.09.11-13.11.43:855][  0]LogTemp: Display: Loaded TP Android_MultiTargetPlatform
[2017.09.11-13.11.43:855][  0]LogTemp: Display: Loaded TP Android_PVRTCTargetPlatform
[2017.09.11-13.11.43:940][  0]LogTemp: Display: Loaded TP HTML5TargetPlatform
[2017.09.11-13.11.44:217][  0]LogTemp: Display: Loaded TP IOSTargetPlatform
[2017.09.11-13.11.44:285][  0]LogTemp: Display: Loaded TP TVOSTargetPlatform
[2017.09.11-13.11.44:392][  0]LogTemp: Display: Loaded TP LinuxClientTargetPlatform
[2017.09.11-13.11.44:499][  0]LogTemp: Display: Loaded TP LinuxNoEditorTargetPlatform
[2017.09.11-13.11.44:595][  0]LogTemp: Display: Loaded TP LinuxServerTargetPlatform
[2017.09.11-13.11.44:691][  0]LogTemp: Display: Loaded TP LinuxTargetPlatform
[2017.09.11-13.11.44:692][  0]LogTargetPlatformManager: Display: Building Assets For Windows
[2017.09.11-13.11.46:894][  0]LogDerivedDataCache: Display: Max Cache Size: 512 MB
[2017.09.11-13.11.47:422][  0]LogDerivedDataCache: Loaded boot cache 0.53s 93MB C:/Users/Admin/AppData/Local/UnrealEngine/4.17/DerivedDataCache/Boot.ddc.
[2017.09.11-13.11.47:422][  0]LogDerivedDataCache: Display: Loaded Boot cache: C:/Users/Admin/AppData/Local/UnrealEngine/4.17/DerivedDataCache/Boot.ddc
[2017.09.11-13.11.47:422][  0]LogDerivedDataCache: FDerivedDataBackendGraph:  Pak pak cache file C:/Users/Admin/Documents/Unreal Projects/vegetation_pack/DerivedDataCache/DDC.ddp not found, will not use a pak cache.
[2017.09.11-13.11.47:422][  0]LogDerivedDataCache: Unable to find inner node Pak for hierarchical cache Hierarchy.
[2017.09.11-13.11.47:422][  0]LogDerivedDataCache: FDerivedDataBackendGraph:  CompressedPak pak cache file C:/Users/Admin/Documents/Unreal Projects/vegetation_pack/DerivedDataCache/Compressed.ddp not found, will not use a pak cache.
[2017.09.11-13.11.47:422][  0]LogDerivedDataCache: Unable to find inner node CompressedPak for hierarchical cache Hierarchy.
[2017.09.11-13.11.47:532][  0]LogDerivedDataCache: Display: Pak cache opened for reading ../../../Engine/DerivedDataCache/Compressed.ddp.
[2017.09.11-13.11.47:547][  0]LogDerivedDataCache: Using Local data cache path C:/Users/Admin/AppData/Local/UnrealEngine/Common/DerivedDataCache: Writable
[2017.09.11-13.11.47:554][  0]LogMaterial: Verifying Global Shaders for PCD3D_SM5
[2017.09.11-13.11.50:455][  0]LogSlate: Using Freetype 2.6.0
[2017.09.11-13.11.50:627][  0]LogSlate: SlateFontCache - WITH_FREETYPE: 1, WITH_HARFBUZZ: 1
[2017.09.11-13.11.50:678][  0]LogSlate: SlateFontCache - WITH_FREETYPE: 1, WITH_HARFBUZZ: 1
[2017.09.11-13.12.00:948][  0]LogAssetRegistry: FAssetRegistry took 0.0552 seconds to start up
[2017.09.11-13.12.02:245][  0]LogInit: Selected Device Profile: [Windows]
[2017.09.11-13.12.07:247][  0]LogContentStreaming: Texture pool size is 0.00 MB
[2017.09.11-13.12.07:410][  0]LogMaterial: Missing cached shader map for material WorldGridMaterial, compiling. Is special engine material.
[2017.09.11-13.17.39:942][  0]LogMaterial: Missing cached shader map for material DefaultDeferredDecalMaterial, compiling. 
[2017.09.11-13.17.59:320][  0]LogMaterial: Missing cached shader map for material DefaultPostProcessMaterial, compiling. 
[2017.09.11-13.18.01:039][  0]LogMaterial: Missing cached shader map for material DefaultLightFunctionMaterial, compiling. 
[2017.09.11-13.18.03:164][  0]LogMaterial: Missing cached shader map for material SnapGridMaterial, compiling. 
[2017.09.11-13.18.03:388][  0]LogSimplygon: Simplygon DLL not present - disabling.
[2017.09.11-13.18.03:424][  0]LogMeshReduction: Using SimplygonSwarm for distributed automatic mesh merging
[2017.09.11-13.18.03:424][  0]LogMeshReduction: Using QuadricMeshReduction for automatic static mesh reduction
[2017.09.11-13.18.03:424][  0]LogMeshReduction: No automatic skeletal mesh reduction module available
[2017.09.11-13.18.03:424][  0]LogMeshReduction: No automatic mesh merging module available
[2017.09.11-13.18.03:424][  0]LogMeshMerging: No automatic mesh merging module available
[2017.09.11-13.18.03:449][  0]LogMaterial: Missing cached shader map for material TranslucentTransformGizmoMaterial, compiling. 
[2017.09.11-13.18.03:460][  0]LogMaterial: Missing cached shader map for material TransformGizmoMaterial, compiling. 
[2017.09.11-13.18.03:484][  0]LogMaterial: Missing cached shader map for material Main, compiling. 
[2017.09.11-13.18.03:496][  0]LogMaterial: Missing cached shader map for material Xray, compiling. 
[2017.09.11-13.18.03:521][  0]LogMaterial: Missing cached shader map for material CineMat, compiling. 
[2017.09.11-13.18.03:573][  0]LogMaterial: Missing cached shader map for material MatineeCam_mat, compiling. 
[2017.09.11-13.18.03:609][  0]LogMaterial: Missing cached shader map for material M_SimpleOpaque, compiling. 
[2017.09.11-13.18.03:640][  0]LogMaterial: Missing cached shader map for material M_SimpleTranslucent, compiling. 
[2017.09.11-13.18.03:721][  0]LogMaterial: Missing cached shader map for material Widget3DPassThrough, compiling. 
[2017.09.11-13.18.03:732][  0]LogMaterial: Missing cached shader map for material Widget3DPassThrough, compiling. 
[2017.09.11-13.18.03:751][  0]LogMaterial: Missing cached shader map for material Widget3DPassThrough, compiling. 
[2017.09.11-13.18.03:767][  0]LogMaterial: Missing cached shader map for material Widget3DPassThrough, compiling. 
[2017.09.11-13.18.03:784][  0]LogMaterial: Missing cached shader map for material Widget3DPassThrough, compiling. 
[2017.09.11-13.18.03:805][  0]LogMaterial: Missing cached shader map for material Widget3DPassThrough, compiling. 
[2017.09.11-13.18.03:893][  0]LogEnum: Warning: In asset 'None', there is an enum property of type 'EViewModeIndex' with an invalid value of '3'
[2017.09.11-13.18.03:903][  0]LogMaterial: Missing cached shader map for material SkySphereMaterial, compiling. 
[2017.09.11-13.18.03:921][  0]LogMaterial: Missing cached shader map for material FloorPlaneMaterial, compiling. 
[2017.09.11-13.18.04:043][  0]LogMaterial: Missing cached shader map for material LandscapeGizmo_Mat, compiling. 
[2017.09.11-13.18.04:071][  0]LogMaterial: Missing cached shader map for material LandscapeGizmoHeight_Mat, compiling. 
[2017.09.11-13.18.04:123][  0]LogMaterial: Missing cached shader map for material SplineEditorMeshMat, compiling. 
[2017.09.11-13.18.04:156][  0]LogNetVersion: vegetation_pack , NetCL: 3573198, EngineNetVer: 2, GameNetVer: 0 (Checksum: 3567500699)
[2017.09.11-13.18.04:190][  0]LogMaterial: Missing cached shader map for material HelpActorMaterial, compiling. 
[2017.09.11-13.18.04:321][  0]LogMaterial: Missing cached shader map for material DefaultTextMaterialOpaque, compiling. 
[2017.09.11-13.18.04:453][  0]LogMaterial: Missing cached shader map for material GearVRControllerMaterial, compiling. 
[2017.09.11-13.18.04:516][  0]LogPackageLocalizationCache: Processed 5 localized package path(s) for 1 prioritized culture(s) in 0.027120 seconds
[2017.09.11-13.18.04:523][  0]LogUObjectArray: 35825 objects as part of root set at end of initial load.
[2017.09.11-13.18.04:523][  0]LogUObjectAllocator: 7529112 out of 0 bytes used by permanent object pool.
[2017.09.11-13.18.04:523][  0]LogUObjectArray: CloseDisregardForGC: 0/0 objects in disregard for GC pool
[2017.09.11-13.18.04:576][  0]LogInit: WinSock: version 1.1 (2.2), MaxSocks=32767, MaxUdp=65467
[2017.09.11-13.18.13:503][  0]LogMaterial: Missing cached shader map for material LaserPointerMaterial, compiling. 
[2017.09.11-13.18.13:522][  0]LogMaterial: Missing cached shader map for material OculusControllerMaterial, compiling. 
[2017.09.11-13.18.13:546][  0]LogMaterial: Missing cached shader map for material VivePreControllerMaterial, compiling. 
[2017.09.11-13.18.13:563][  0]LogMaterial: Missing cached shader map for material FlattenHeightMat, compiling. 
[2017.09.11-13.18.13:577][  0]LogMaterial: Missing cached shader map for material ArrowMaterial, compiling. 
[2017.09.11-13.18.13:604][  0]LogMaterial: Missing cached shader map for material KeyDiskMaterial, compiling. 
[2017.09.11-13.18.13:622][  0]LogMaterial: Missing cached shader map for material M_ContentWindow, compiling. 
[2017.09.11-13.18.13:661][  0]LogMaterial: Missing cached shader map for material GenericHMDMaterial, compiling. 
[2017.09.11-13.18.13:682][  0]LogMaterial: Missing cached shader map for material GridMaterial, compiling. 
[2017.09.11-13.18.13:695][  0]LogMaterial: Missing cached shader map for material VRTextMaterial, compiling. 
[2017.09.11-13.18.13:710][  0]LogMaterial: Missing cached shader map for material GridPostProcess, compiling. 
[2017.09.11-13.18.13:722][  0]LogMaterial: Missing cached shader map for material TeleportDirectionMaterial, compiling. 
[2017.09.11-13.18.13:745][  0]LogMaterial: Missing cached shader map for material LaserPointerMaterial, compiling. 
[2017.09.11-13.18.13:781][  0]LogMaterial: Missing cached shader map for material LineMaterial, compiling. 
[2017.09.11-13.18.13:798][  0]LogMaterial: Missing cached shader map for material VRTextMaterial, compiling. 
[2017.09.11-13.18.14:942][  0]LogMaterial: Missing cached shader map for material DefaultSpriteMaterial, compiling. 
[2017.09.11-13.18.14:960][  0]LogMaterial: Missing cached shader map for material DefaultSpriteMaterial, compiling. 
[2017.09.11-13.18.15:304][  0]LogTcpMessaging: Initializing TcpMessaging bridge
[2017.09.11-13.18.15:343][  0]LogUdpMessaging: Initializing bridge on interface 0.0.0.0:0 to multicast group 230.0.0.1:6666.
[2017.09.11-13.18.15:640][  0]LogMaterial: Missing cached shader map for material DefaultMaterial, compiling. 
[2017.09.11-13.18.16:061][  0]LogMaterial: Missing cached shader map for material BaseColor, compiling. 
[2017.09.11-13.18.16:073][  0]LogMaterial: Missing cached shader map for material CustomDepth, compiling. 
[2017.09.11-13.18.16:106][  0]LogMaterial: Uniform references updated for custom material expression Custom.
[2017.09.11-13.18.16:110][  0]LogMaterial: Missing cached shader map for material CustomStencil, compiling. 
[2017.09.11-13.18.16:122][  0]LogMaterial: Missing cached shader map for material FinalImage, compiling. 
[2017.09.11-13.18.16:135][  0]LogMaterial: Missing cached shader map for material LightingModel, compiling. 
[2017.09.11-13.18.16:146][  0]LogMaterial: Missing cached shader map for material MaterialAO, compiling. 
[2017.09.11-13.18.16:156][  0]LogMaterial: Missing cached shader map for material Metallic, compiling. 
[2017.09.11-13.18.16:168][  0]LogMaterial: Missing cached shader map for material Opacity, compiling. 
[2017.09.11-13.18.16:179][  0]LogMaterial: Missing cached shader map for material Roughness, compiling. 
[2017.09.11-13.18.16:190][  0]LogMaterial: Missing cached shader map for material SceneColor, compiling. 
[2017.09.11-13.18.16:204][  0]LogMaterial: Missing cached shader map for material SceneDepth, compiling. 
[2017.09.11-13.18.16:215][  0]LogMaterial: Missing cached shader map for material SeparateTranslucencyRGB, compiling. 
[2017.09.11-13.18.16:226][  0]LogMaterial: Missing cached shader map for material SeparateTranslucencyA, compiling. 
[2017.09.11-13.18.16:238][  0]LogMaterial: Missing cached shader map for material Specular, compiling. 
[2017.09.11-13.18.16:249][  0]LogMaterial: Missing cached shader map for material SubsurfaceColor, compiling. 
[2017.09.11-13.18.16:262][  0]LogMaterial: Missing cached shader map for material WorldNormal, compiling. 
[2017.09.11-13.18.16:277][  0]LogMaterial: Missing cached shader map for material AmbientOcclusion, compiling. 
[2017.09.11-13.18.16:299][  0]LogMaterial: Missing cached shader map for material CustomDepthWorldUnits, compiling. 
[2017.09.11-13.18.16:312][  0]LogMaterial: Missing cached shader map for material SceneDepthWorldUnits, compiling. 
[2017.09.11-13.18.16:323][  0]LogMaterial: Missing cached shader map for material PreTonemapHDRColor, compiling. 
[2017.09.11-13.18.16:334][  0]LogMaterial: Missing cached shader map for material PostTonemapHDRColor, compiling. 
[2017.09.11-13.18.16:695][  0]SourceControl: Source control is disabled
[2017.09.11-13.18.16:695][  0]SourceControl: Source control is disabled
[2017.09.11-13.18.16:750][  0]SourceControl: Source control is disabled
[2017.09.11-13.18.16:798][  0]SourceControl: Source control is disabled
[2017.09.11-13.18.17:409][  0]LogAndroidPermission: UAndroidPermissionCallbackProxy::GetInstance
[2017.09.11-13.18.17:761][  0]LogOcInput: OculusInput pre-init called
[2017.09.11-13.18.18:034][  0]LogMaterial: Missing cached shader map for material HighResScreenshot, compiling. 
[2017.09.11-13.18.18:050][  0]LogMaterial: Missing cached shader map for material HighResScreenshotMask, compiling. 
[2017.09.11-13.18.18:074][  0]LogMaterial: Missing cached shader map for material HighResScreenshotCaptureRegion, compiling. 
[2017.09.11-13.18.18:101][  0]LogEngine: Initializing Engine...
[2017.09.11-13.18.18:103][  0]LogHMD: Failed to initialize OpenVR with code 100
[2017.09.11-13.18.18:111][  0]LogMaterial: Missing cached shader map for material WireframeMaterial, compiling. Is special engine material.
[2017.09.11-13.18.18:358][  0]LogMaterial: Missing cached shader map for material LevelColorationLitMaterial, compiling. Is special engine material.
[2017.09.11-13.18.18:978][  0]LogMaterial: Missing cached shader map for material LevelColorationUnlitMaterial, compiling. Is special engine material.
[2017.09.11-13.18.19:183][  0]LogMaterial: Missing cached shader map for material MAT_LevelColorationLitLightmapUV, compiling. Is special engine material.
[2017.09.11-13.18.19:824][  0]LogMaterial: Missing cached shader map for material ShadedLevelColorationLitMaterial, compiling. Is special engine material.
[2017.09.11-13.18.20:444][  0]LogMaterial: Missing cached shader map for material ShadedLevelColorationUnlitMateri, compiling. Is special engine material.
[2017.09.11-13.18.20:646][  0]LogMaterial: Missing cached shader map for material VertexColorMaterial, compiling. 
[2017.09.11-13.18.20:729][  0]LogMaterial: Missing cached shader map for material VertexColorViewMode_ColorOnly, compiling. 
[2017.09.11-13.18.20:749][  0]LogMaterial: Missing cached shader map for material VertexColorViewMode_AlphaAsColor, compiling. 
[2017.09.11-13.18.20:765][  0]LogMaterial: Missing cached shader map for material VertexColorViewMode_RedOnly, compiling. 
[2017.09.11-13.18.20:784][  0]LogMaterial: Missing cached shader map for material VertexColorViewMode_GreenOnly, compiling. 
[2017.09.11-13.18.20:801][  0]LogMaterial: Missing cached shader map for material VertexColorViewMode_BlueOnly, compiling. 
[2017.09.11-13.18.20:818][  0]LogMaterial: Missing cached shader map for material RemoveSurfaceMaterial, compiling. 
[2017.09.11-13.18.20:828][  0]LogMaterial: Missing cached shader map for material DebugMeshMaterial, compiling. 
[2017.09.11-13.18.20:847][  0]LogMaterial: Missing cached shader map for material M_InvalidLightmapSettings, compiling. 
[2017.09.11-13.18.20:885][  0]LogMaterial: Missing cached shader map for material GizmoMaterial, compiling. 
[2017.09.11-13.18.20:899][  0]LogMaterial: Missing cached shader map for material PhAT_JointLimitMaterial, compiling. 
[2017.09.11-13.18.20:918][  0]LogMaterial: Missing cached shader map for material GeomMaterial, compiling. 
[2017.09.11-13.18.20:934][  0]LogMaterial: Missing cached shader map for material EditorBrushMaterial, compiling. 
[2017.09.11-13.18.20:951][  0]LogMaterial: Missing cached shader map for material BoneWeightMaterial, compiling. 
[2017.09.11-13.18.21:031][  0]LogMaterial: Missing cached shader map for material ClothMaterial, compiling. 
[2017.09.11-13.18.21:049][  0]LogMaterial: Missing cached shader map for material ClothMaterial_WF, compiling. 
[2017.09.11-13.18.21:079][  0]LogMaterial: Missing cached shader map for material DebugEditorMaterial, compiling. 
[2017.09.11-13.18.21:099][  0]LogMaterial: Missing cached shader map for material PreviewShadowIndicatorMaterial, compiling. 
[2017.09.11-13.18.21:274][  0]LogStats: UGameplayTagsManager::ConstructGameplayTagTree: Construct from data asset -  0.000 s
[2017.09.11-13.18.21:274][  0]LogStats: UGameplayTagsManager::ConstructGameplayTagTree: GameplayTagTreeChangedEvent.Broadcast -  0.000 s
[2017.09.11-13.18.21:410][  0]LogAIModule: Creating AISystem for world Untitled
[2017.09.11-13.18.21:425][  0]LogInit: XAudio2 using 'Headset (Playback) (Creative USB Headset)' : 2 channels at 44.1 kHz using 16 bits per sample (channel mask 0x3)
[2017.09.11-13.18.21:446][  0]LogInit: FAudioDevice initialized.
[2017.09.11-13.18.21:595][  0]LogDerivedDataCache: Saved boot cache 0.15s 94MB C:/Users/Admin/AppData/Local/UnrealEngine/4.17/DerivedDataCache/Boot.ddc.
[2017.09.11-13.18.21:614][  0]LogInit: Texture streaming: Enabled
[2017.09.11-13.18.21:721][  0]LogEngineSessionManager: EngineSessionManager initialized
[2017.09.11-13.18.21:979][  0]LogInit: Transaction tracking system initialized
[2017.09.11-13.18.22:286][  0]BlueprintLog: New page: Editor Load
[2017.09.11-13.18.23:175][  0]LocalizationService: Localization service is disabled
[2017.09.11-13.18.23:839][  0]LogLinker: Warning: Can't find file '/Game/ThirdPersonBP/ThirdPersonOverview'
[2017.09.11-13.18.23:854][  0]LogLinker: Warning: Can't find file '/Game/ThirdPersonBP/ThirdPersonOverview'
[2017.09.11-13.18.23:860][  0]LogUObjectGlobals: Warning: Failed to find object 'Class /Game/ThirdPersonBP/ThirdPersonOverview.ThirdPersonOverview_C'
[2017.09.11-13.18.24:079][  0]LogConsoleResponse: Display: 
[2017.09.11-13.18.24:118][  0]LogMaterial: Missing cached shader map for material Cross_Mat, compiling. 
[2017.09.11-13.18.24:136][  0]LogMaterial: Missing cached shader map for material PhAT_BoneSelectedMaterial, compiling. 
[2017.09.11-13.18.24:148][  0]LogMaterial: Missing cached shader map for material PhAT_ElemSelectedMaterial, compiling. 
[2017.09.11-13.18.24:162][  0]LogMaterial: Missing cached shader map for material PhAT_NoCollisionMaterial, compiling. 
[2017.09.11-13.18.24:174][  0]LogMaterial: Missing cached shader map for material PhAT_UnselectedMaterial, compiling. 
[2017.09.11-13.18.24:203][  0]LogMaterial: Missing cached shader map for material Tick_Mat, compiling. 
[2017.09.11-13.18.24:225][  0]LogMaterial: Missing cached shader map for material WidgetGridVertexColorMaterial_Ma, compiling. 
[2017.09.11-13.18.24:239][  0]LogMaterial: Missing cached shader map for material WidgetMaterial, compiling. 
[2017.09.11-13.18.24:252][  0]LogMaterial: Missing cached shader map for material WidgetMaterial_Current, compiling. 
[2017.09.11-13.18.24:265][  0]LogMaterial: Missing cached shader map for material WidgetMaterial_X, compiling. 
[2017.09.11-13.18.24:278][  0]LogMaterial: Missing cached shader map for material WidgetMaterial_Y, compiling. 
[2017.09.11-13.18.24:291][  0]LogMaterial: Missing cached shader map for material WidgetMaterial_Z, compiling. 
[2017.09.11-13.18.24:305][  0]LogMaterial: Missing cached shader map for material WidgetVertexColorMaterial, compiling. 
[2017.09.11-13.18.24:355][  0]LogMaterial: Missing cached shader map for material LevelGridMaterial, compiling. 
[2017.09.11-13.18.24:406][  0]LogMaterial: Missing cached shader map for material BlinkingCaret, compiling. 
[2017.09.11-13.18.24:451][  0]LogMaterial: Missing cached shader map for material M_StreamingPause, compiling. 
[2017.09.11-13.18.24:486][  0]LogCook: Display: Max memory allowance for cook 16384mb min free memory 0mb
[2017.09.11-13.18.24:486][  0]LogCook: Display: Mobile HDR setting 1
[2017.09.11-13.18.24:486][  0]LogGameplayTags: Display: UGameplayTagsManager::DoneAddingNativeTags. DelegateIsBound: 0
[2017.09.11-13.18.25:546][  0]LogFileCache: Scanning file cache for directory 'C:/Users/Admin/Documents/Unreal Projects/vegetation_pack/Content/' took 0.02s
[2017.09.11-13.18.25:589][  0]SourceControl: Source control is disabled
[2017.09.11-13.18.25:589][  0]Cmd: MAP LOAD FILE="C:/Users/Admin/Documents/Unreal Projects/vegetation_pack/Content/Maps/screenshot_map.umap" TEMPLATE=0 SHOWPROGRESS=1 FEATURELEVEL=3
[2017.09.11-13.18.25:589][  0]LightingResults: New page: Lighting Build
[2017.09.11-13.18.25:627][  0]MapCheck: New page: Map Check
[2017.09.11-13.18.25:627][  0]LightingResults: New page: Lighting Build
[2017.09.11-13.18.26:458][  0]LogTexture: Display: Building textures: LightMapTexture2D_1 (DXT1, 64X64)
[2017.09.11-13.18.26:458][  0]LogTexture: Display: Building textures: LightMapTexture2D_0 (AutoDXT, 64X64)
[2017.09.11-13.18.26:459][  0]LogTexture: Display: Building textures: LightMapTexture2D_2 (AutoDXT, 64X32)
[2017.09.11-13.18.26:459][  0]LogTexture: Display: Building textures: ShadowMapTexture2D_0 (BGRA8, 64X32)
[2017.09.11-13.18.26:459][  0]LogTexture: Display: Building textures: Texture2D_2 (BGRA8, 32X32)
[2017.09.11-13.18.26:459][  0]LogTexture: Display: Building textures: Texture2D_3 (BGRA8, 32X32)
[2017.09.11-13.18.26:459][  0]LogTexture: Display: Building textures: tex_leaves_diff (AutoDXT, 1024X1024)
[2017.09.11-13.18.26:459][  0]LogStaticMesh: Building static mesh SM_grass1...
[2017.09.11-13.18.26:488][  0]LogStaticMesh: Built static mesh [0.03s] /Game/Meshes/Grass/SM_grass1.SM_grass1
[2017.09.11-13.18.26:536][  0]LogTexture: Display: Building textures: tex_flower_red_diff (AutoDXT, 2048X2048)
[2017.09.11-13.18.26:536][  0]LogActorComponent: UnregisterComponent: (/Game/Maps/screenshot_map.screenshot_map:PersistentLevel.InstancedFoliageActor_1.FoliageInstancedStaticMeshComponent_0) Not registered. Aborting.
[2017.09.11-13.18.26:563][  0]LogStaticMesh: Building static mesh SM_grass2...
[2017.09.11-13.18.26:564][  0]LogStaticMesh: Built static mesh [0.00s] /Game/Meshes/Grass/SM_grass2.SM_grass2
[2017.09.11-13.18.26:567][  0]LogActorComponent: UnregisterComponent: (/Game/Maps/screenshot_map.screenshot_map:PersistentLevel.InstancedFoliageActor_1.FoliageInstancedStaticMeshComponent_1) Not registered. Aborting.
[2017.09.11-13.18.26:581][  0]LogStaticMesh: Building static mesh SM_grass3...
[2017.09.11-13.18.26:582][  0]LogStaticMesh: Built static mesh [0.00s] /Game/Meshes/Grass/SM_grass3.SM_grass3
[2017.09.11-13.18.26:586][  0]LogActorComponent: UnregisterComponent: (/Game/Maps/screenshot_map.screenshot_map:PersistentLevel.InstancedFoliageActor_1.FoliageInstancedStaticMeshComponent_2) Not registered. Aborting.
[2017.09.11-13.18.26:602][  0]LogStaticMesh: Building static mesh SM_grass4...
[2017.09.11-13.18.26:602][  0]LogStaticMesh: Built static mesh [0.00s] /Game/Meshes/Grass/SM_grass4.SM_grass4
[2017.09.11-13.18.26:607][  0]LogActorComponent: UnregisterComponent: (/Game/Maps/screenshot_map.screenshot_map:PersistentLevel.InstancedFoliageActor_1.FoliageInstancedStaticMeshComponent_3) Not registered. Aborting.
[2017.09.11-13.18.26:620][  0]LogStaticMesh: Building static mesh SM_grass5...
[2017.09.11-13.18.26:621][  0]LogStaticMesh: Built static mesh [0.00s] /Game/Meshes/Grass/SM_grass5.SM_grass5
[2017.09.11-13.18.26:626][  0]LogActorComponent: UnregisterComponent: (/Game/Maps/screenshot_map.screenshot_map:PersistentLevel.InstancedFoliageActor_1.FoliageInstancedStaticMeshComponent_4) Not registered. Aborting.
[2017.09.11-13.18.26:657][  0]LogStaticMesh: Building static mesh SM_grass6...
[2017.09.11-13.18.26:658][  0]LogStaticMesh: Built static mesh [0.00s] /Game/Meshes/Grass/SM_grass6.SM_grass6
[2017.09.11-13.18.26:662][  0]LogActorComponent: UnregisterComponent: (/Game/Maps/screenshot_map.screenshot_map:PersistentLevel.InstancedFoliageActor_1.FoliageInstancedStaticMeshComponent_5) Not registered. Aborting.
[2017.09.11-13.18.26:673][  0]LogStaticMesh: Building static mesh SM_grass_flower1...
[2017.09.11-13.18.26:674][  0]LogStaticMesh: Built static mesh [0.00s] /Game/Meshes/Flowers/SM_grass_flower1.SM_grass_flower1
[2017.09.11-13.18.26:676][  0]LogActorComponent: UnregisterComponent: (/Game/Maps/screenshot_map.screenshot_map:PersistentLevel.InstancedFoliageActor_1.FoliageInstancedStaticMeshComponent_6) Not registered. Aborting.
[2017.09.11-13.18.26:676][  0]LogStaticMesh: Building static mesh SM_grass_flower2...
[2017.09.11-13.18.26:677][  0]LogStaticMesh: Built static mesh [0.00s] /Game/Meshes/Flowers/SM_grass_flower2.SM_grass_flower2
[2017.09.11-13.18.26:678][  0]LogActorComponent: UnregisterComponent: (/Game/Maps/screenshot_map.screenshot_map:PersistentLevel.InstancedFoliageActor_1.FoliageInstancedStaticMeshComponent_7) Not registered. Aborting.
[2017.09.11-13.18.26:678][  0]LogStaticMesh: Building static mesh SM_grass_flower3...
[2017.09.11-13.18.26:679][  0]LogStaticMesh: Built static mesh [0.00s] /Game/Meshes/Flowers/SM_grass_flower3.SM_grass_flower3
[2017.09.11-13.18.26:680][  0]LogActorComponent: UnregisterComponent: (/Game/Maps/screenshot_map.screenshot_map:PersistentLevel.InstancedFoliageActor_1.FoliageInstancedStaticMeshComponent_8) Not registered. Aborting.
[2017.09.11-13.18.26:680][  0]LogStaticMesh: Building static mesh SM_grass_flower4...
[2017.09.11-13.18.26:681][  0]LogStaticMesh: Built static mesh [0.00s] /Game/Meshes/Flowers/SM_grass_flower4.SM_grass_flower4
[2017.09.11-13.18.26:682][  0]LogActorComponent: UnregisterComponent: (/Game/Maps/screenshot_map.screenshot_map:PersistentLevel.InstancedFoliageActor_1.FoliageInstancedStaticMeshComponent_9) Not registered. Aborting.
[2017.09.11-13.18.26:683][  0]LogStaticMesh: Building static mesh SM_grass_flower5...
[2017.09.11-13.18.26:683][  0]LogStaticMesh: Built static mesh [0.00s] /Game/Meshes/Flowers/SM_grass_flower5.SM_grass_flower5
[2017.09.11-13.18.26:684][  0]LogActorComponent: UnregisterComponent: (/Game/Maps/screenshot_map.screenshot_map:PersistentLevel.InstancedFoliageActor_1.FoliageInstancedStaticMeshComponent_10) Not registered. Aborting.
[2017.09.11-13.18.26:685][  0]LogStaticMesh: Building static mesh SM_grass_flower6...
[2017.09.11-13.18.26:685][  0]LogStaticMesh: Built static mesh [0.00s] /Game/Meshes/Flowers/SM_grass_flower6.SM_grass_flower6
[2017.09.11-13.18.26:687][  0]LogActorComponent: UnregisterComponent: (/Game/Maps/screenshot_map.screenshot_map:PersistentLevel.InstancedFoliageActor_1.FoliageInstancedStaticMeshComponent_11) Not registered. Aborting.
[2017.09.11-13.18.26:805][  0]LogTexture: Display: Building textures: tex_grass_n (BC5, 512X512)
[2017.09.11-13.18.26:891][  0]LogTexture: Display: Building textures: tex_grass_diff (AutoDXT, 512X512)
[2017.09.11-13.18.27:684][  0]LogTexture: Display: Building textures: tex_diffuse (AutoDXT, 512X512)
[2017.09.11-13.18.27:684][  0]LogTexture: Display: Building textures: tex_dirt_n (BC5, 512X512)
[2017.09.11-13.18.27:684][  0]LogTexture: Display: Building textures: tex_dirt_diff (AutoDXT, 512X512)
[2017.09.11-13.18.27:684][  0]LogMaterial: Missing cached shader map for material M_landscape, compiling. 
[2017.09.11-13.18.27:710][  0]LogMaterial: Missing cached shader map for material M_landscape, compiling. 
[2017.09.11-13.18.27:779][  0]LogMaterial: Missing cached shader map for material M_landscape, compiling. 
[2017.09.11-13.18.27:827][  0]LogTexture: Display: Building textures: tex_grass_diff (AutoDXT, 2048X2048)
[2017.09.11-13.18.27:858][  0]LogMaterial: Missing cached shader map for material M_Sky_Panning_Clouds2, compiling. 
[2017.09.11-13.18.27:865][  0]LogStaticMesh: Building static mesh SM_bush1...
[2017.09.11-13.18.28:153][  0]LogStaticMesh: Built static mesh [0.29s] /Game/Meshes/Bush/SM_bush1.SM_bush1
[2017.09.11-13.18.28:156][  0]LogStaticMesh: Building static mesh SM_bush2...
[2017.09.11-13.18.28:298][  0]LogStaticMesh: Built static mesh [0.14s] /Game/Meshes/Bush/SM_bush2.SM_bush2
[2017.09.11-13.18.28:300][  0]LogStaticMesh: Building static mesh SM_bush3...
[2017.09.11-13.18.28:490][  0]LogTexture: Display: Building textures: tex_birchbark_n (BC5, 512X1024)
[2017.09.11-13.18.28:490][  0]LogStaticMesh: Built static mesh [0.19s] /Game/Meshes/Bush/SM_bush3.SM_bush3
[2017.09.11-13.18.28:493][  0]LogStaticMesh: Building static mesh SM_bush4...
[2017.09.11-13.18.28:605][  0]LogTexture: Display: Building textures: tex_birchbark_diff (AutoDXT, 512X1024)
[2017.09.11-13.18.28:605][  0]LogStaticMesh: Built static mesh [0.11s] /Game/Meshes/Bush/SM_bush4.SM_bush4
[2017.09.11-13.18.28:607][  0]LogStaticMesh: Building static mesh SM_bush6...
[2017.09.11-13.18.28:891][  0]LogStaticMesh: Built static mesh [0.28s] /Game/Meshes/Bush/SM_bush6.SM_bush6
[2017.09.11-13.18.28:896][  0]LogStaticMesh: Building static mesh SM_tree1...
[2017.09.11-13.18.28:934][  0]LogStaticMesh: Built static mesh [0.04s] /Game/Meshes/Trees/SM_tree1.SM_tree1
[2017.09.11-13.18.28:948][  0]LogStaticMesh: Building static mesh SM_tree3...
[2017.09.11-13.18.28:986][  0]LogStaticMesh: Built static mesh [0.04s] /Game/Meshes/Trees/SM_tree3.SM_tree3
[2017.09.11-13.18.28:994][  0]LogStaticMesh: Building static mesh SM_tree4...
[2017.09.11-13.18.29:032][  0]LogStaticMesh: Built static mesh [0.04s] /Game/Meshes/Trees/SM_tree4.SM_tree4
[2017.09.11-13.18.29:042][  0]LogStaticMesh: Building static mesh SM_tree7...
[2017.09.11-13.18.29:066][  0]LogStaticMesh: Built static mesh [0.02s] /Game/Meshes/Trees/SM_tree7.SM_tree7
[2017.09.11-13.18.29:072][  0]LogStaticMesh: Building static mesh SM_tree8...
[2017.09.11-13.18.29:097][  0]LogStaticMesh: Built static mesh [0.03s] /Game/Meshes/Trees/SM_tree8.SM_tree8
[2017.09.11-13.18.29:106][  0]LogMaterial: Missing cached shader map for material M_grass_basic, compiling. 
[2017.09.11-13.18.29:198][  0]LogMaterial: Missing cached shader map for material M_Template_Master, compiling. 
[2017.09.11-13.18.29:260][  0]LogAnimationCompression: Building Anim DDC data for AnimSequence /Game/Player_Assets/Animations/Walk.Walk
[2017.09.11-13.18.29:329][  0]LogAnimationCompression: Building Anim DDC data for AnimSequence /Game/Player_Assets/Animations/Run.Run
[2017.09.11-13.18.29:350][  0]LogAnimationCompression: Building Anim DDC data for AnimSequence /Game/Player_Assets/Animations/Idle.Idle
[2017.09.11-13.18.29:429][  0]LogAnimationCompression: Building Anim DDC data for AnimSequence /Game/Player_Assets/Animations/Jump_Start.Jump_Start
[2017.09.11-13.18.29:450][  0]LogAnimationCompression: Building Anim DDC data for AnimSequence /Game/Player_Assets/Animations/Jump_Loop.Jump_Loop
[2017.09.11-13.18.29:493][  0]LogAnimationCompression: Building Anim DDC data for AnimSequence /Game/Player_Assets/Animations/Jump_End.Jump_End
[2017.09.11-13.18.29:604][  0]LogTexture: Display: Building textures: tex_normal (BC5, 512X512)
[2017.09.11-13.18.29:604][  0]LogMaterial: Missing cached shader map for material M_bark, compiling. 
[2017.09.11-13.18.29:700][  0]LogMaterial: Missing cached shader map for material M_tree_basic, compiling. 
[2017.09.11-13.18.29:760][  0]LogAIModule: Creating AISystem for world screenshot_map
[2017.09.11-13.18.30:300][  0]LogActorComponent: RegisterComponentWithWorld: (/Game/Maps/screenshot_map.screenshot_map:PersistentLevel.WorldSettings_1.StaticMeshComponent0) Trying to register component with IsPendingKill() == true. Aborting.
[2017.09.11-13.18.30:396][  0]LogEditorServer: Finished looking for orphan Actors (0.000 secs)
[2017.09.11-13.18.30:435][  0]Cmd: MAP CHECKDEP NOCLEARLOG
[2017.09.11-13.18.30:486][  0]MapCheck: Map check complete: 0 Error(s), 0 Warning(s), took 51.392ms to complete.
[2017.09.11-13.18.30:486][  0]LogFileHelpers: Loading map 'screenshot_map' took 4.898
[2017.09.11-13.18.30:638][  0]LogCollectionManager: Loaded 0 collections in 0.001375 seconds
[2017.09.11-13.18.30:720][  0]LogFileCache: Scanning file cache for directory 'C:/Users/Admin/Documents/Unreal Projects/vegetation_pack/Saved/Collections/' took 0.01s
[2017.09.11-13.18.30:720][  0]LogFileCache: Scanning file cache for directory 'C:/Users/Admin/Documents/Unreal Projects/vegetation_pack/Content/Developers/Admin/Collections/' took 0.01s
[2017.09.11-13.18.30:720][  0]LogFileCache: Scanning file cache for directory 'C:/Users/Admin/Documents/Unreal Projects/vegetation_pack/Content/Collections/' took 0.01s
[2017.09.11-13.18.30:720][  0]LogCollectionManager: Rebuilt the GUID cache for 0 collections in 0.000001 seconds
[2017.09.11-13.18.30:730][  0]LogContentBrowser: Native class hierarchy populated in 0.0101 seconds. Added 2386 classes and 500 folders.
[2017.09.11-13.18.30:796][  0]LogContentBrowser: Native class hierarchy updated for 'WidgetCarousel' in 0.0011 seconds. Added 0 classes and 0 folders.
[2017.09.11-13.18.31:030][  0]LogContentBrowser: Native class hierarchy updated for 'AddContentDialog' in 0.0007 seconds. Added 0 classes and 0 folders.
[2017.09.11-13.18.31:069][  0]LogContentBrowser: Native class hierarchy updated for 'SceneOutliner' in 0.0012 seconds. Added 1 classes and 2 folders.
[2017.09.11-13.18.31:193][  0]LogSlate: Took 0.030679 seconds to synchronously load lazily loaded font '../../../Engine/Content/Slate/Fonts/Roboto-Regular.ttf' (155K)
[2017.09.11-13.18.31:200][  0]LogSlate: Took 0.003833 seconds to synchronously load lazily loaded font '../../../Engine/Content/Slate/Fonts/Roboto-Bold.ttf' (160K)
[2017.09.11-13.18.31:220][  0]LogSlate: Took 0.014422 seconds to synchronously load lazily loaded font '../../../Engine/Content/Editor/Slate/Fonts/FontAwesome.ttf' (139K)
[2017.09.11-13.18.31:298][  0]LogMaterial: Missing cached shader map for material LevelGridMaterial2, compiling. 
[2017.09.11-13.18.31:389][  0]LogRenderer: Reallocating scene render targets to support 1036x592 Format 10 NumSamples 1 (Frame:1).
[2017.09.11-13.18.31:819][  0]LogContentBrowser: Native class hierarchy updated for 'HierarchicalLODOutliner' in 0.0007 seconds. Added 1 classes and 2 folders.
[2017.09.11-13.18.31:820][  0]LogLoad: (Engine Initialization) Total time: 441.81 seconds
[2017.09.11-13.18.31:820][  0]LogLoad: (Engine Initialization) Total Blueprint compile time: 0.00 seconds
[2017.09.11-13.18.31:820][  0]LogExternalProfiler: No external profilers were discovered.  External profiling features will not be available.
[2017.09.11-13.18.32:206][  0]LogContentStreaming: Texture pool size now 1000 MB
[2017.09.11-13.18.32:269][  0]LogSlate: Took 0.000216 seconds to synchronously load lazily loaded font '../../../Engine/Content/Slate/Fonts/Roboto-Light.ttf' (159K)
[2017.09.11-13.18.32:506][  1]LogAssetRegistry: Asset discovery search completed in 391.5807 seconds
[2017.09.11-13.18.32:525][  1]LogCollectionManager: Rebuilt the object cache for 0 collections in 0.000002 seconds (found 0 objects)
[2017.09.11-13.18.32:525][  1]LogCollectionManager: Fixed up redirectors for 0 collections in 0.000137 seconds (updated 0 objects)
[2017.09.11-13.19.27:111][827]LogEditorViewport: Clicking on Actor (LMB): Landscape (Landscape)
[2017.09.11-13.25.47:886][653]LogEditorViewport: Clicking on Actor (LMB): Landscape (Landscape)
[2017.09.11-13.25.53:168][ 99]LogMaterial: Missing cached shader map for material LayerVisMaterial, compiling. 
[2017.09.11-13.25.53:187][ 99]LogMaterial: Missing cached shader map for material LayerVisMaterial, compiling. 
[2017.09.11-13.25.53:203][ 99]LogMaterial: Missing cached shader map for material SelectBrushMaterial, compiling. 
[2017.09.11-13.25.53:214][ 99]LogMaterial: Missing cached shader map for material SelectBrushMaterial, compiling. 
[2017.09.11-13.25.53:236][ 99]LogMaterial: Missing cached shader map for material SelectBrushMaterial, compiling. 
[2017.09.11-13.25.53:247][ 99]LogMaterial: Missing cached shader map for material SelectBrushMaterial, compiling. 
[2017.09.11-13.25.53:274][ 99]LogMaterial: Missing cached shader map for material MaskBrushMaterial, compiling. 
[2017.09.11-13.25.53:286][ 99]LogMaterial: Missing cached shader map for material MaskBrushMaterial, compiling. 
[2017.09.11-13.25.53:301][ 99]LogMaterial: Missing cached shader map for material MaskBrushMaterial, compiling. 
[2017.09.11-13.25.53:334][ 99]LogMaterial: Missing cached shader map for material LandscapeLayerUsageMaterial, compiling. 
[2017.09.11-13.25.53:343][ 99]LogMaterial: Missing cached shader map for material LandscapeLayerUsageMaterial, compiling. 
[2017.09.11-13.25.53:415][ 99]LogMaterial: Missing cached shader map for material MirrorPlaneMaterial, compiling. 
[2017.09.11-13.25.53:444][ 99]LogMaterial: Missing cached shader map for material CircleBrushMaterial, compiling. 
[2017.09.11-13.25.53:455][ 99]LogMaterial: Missing cached shader map for material CircleBrushMaterial, compiling. 
[2017.09.11-13.25.53:469][ 99]LogMaterial: Missing cached shader map for material CircleBrushMaterial, compiling. 
[2017.09.11-13.25.53:491][ 99]LogMaterial: Missing cached shader map for material CircleBrushMaterial, compiling. 
[2017.09.11-13.25.53:517][ 99]LogMaterial: Missing cached shader map for material CircleBrushMaterial, compiling. 
[2017.09.11-13.25.53:531][ 99]LogMaterial: Missing cached shader map for material CircleBrushMaterial, compiling. 
[2017.09.11-13.25.53:552][ 99]LogMaterial: Missing cached shader map for material CircleBrushMaterial, compiling. 
[2017.09.11-13.25.53:563][ 99]LogMaterial: Missing cached shader map for material CircleBrushMaterial, compiling. 
[2017.09.11-13.25.53:589][ 99]LogMaterial: Missing cached shader map for material AlphaBrushMaterial, compiling. 
[2017.09.11-13.25.53:600][ 99]LogMaterial: Missing cached shader map for material AlphaBrushMaterial, compiling. 
[2017.09.11-13.25.53:620][ 99]LogMaterial: Missing cached shader map for material CircleBrushMaterial, compiling. 
[2017.09.11-13.25.53:631][ 99]LogMaterial: Missing cached shader map for material CircleBrushMaterial, compiling. 
[2017.09.11-13.25.53:654][ 99]LogMaterial: Missing cached shader map for material MaskBrushMaterial, compiling. 
[2017.09.11-13.25.53:668][ 99]LogMaterial: Missing cached shader map for material MaskBrushMaterial, compiling. 
[2017.09.11-13.25.53:772][ 99]LogMaterial: Missing cached shader map for material M_landscape, compiling. 
[2017.09.11-13.25.53:783][ 99]LogMaterial: Missing cached shader map for material M_landscape, compiling. 
[2017.09.11-13.25.53:800][ 99]LogMaterial: Missing cached shader map for material M_landscape, compiling. 
[2017.09.11-13.25.53:830][ 99]LogTexture: Display: Building textures: Texture2D_2 (G8, 128X128)
[2017.09.11-13.25.54:589][101]LogD3D11RHI: Timed out while waiting for GPU to catch up. (0.5 s)
[2017.09.11-13.25.55:090][101]LogD3D11RHI: Timed out while waiting for GPU to catch up. (0.5 s)
[2017.09.11-13.25.55:589][101]LogD3D11RHI: Timed out while waiting for GPU to catch up. (0.5 s)
[2017.09.11-13.25.56:089][101]LogD3D11RHI: Timed out while waiting for GPU to catch up. (0.5 s)
[2017.09.11-13.25.56:589][101]LogD3D11RHI: Timed out while waiting for GPU to catch up. (0.5 s)
[2017.09.11-13.25.57:090][101]LogD3D11RHI: Timed out while waiting for GPU to catch up. (0.5 s)
[2017.09.11-13.25.57:589][101]LogD3D11RHI: Timed out while waiting for GPU to catch up. (0.5 s)
[2017.09.11-13.25.58:090][101]LogD3D11RHI: Timed out while waiting for GPU to catch up. (0.5 s)
[2017.09.11-13.25.58:589][101]LogD3D11RHI: Timed out while waiting for GPU to catch up. (0.5 s)
[2017.09.11-13.25.59:089][101]LogD3D11RHI: Timed out while waiting for GPU to catch up. (0.5 s)
[2017.09.11-13.25.59:590][101]LogD3D11RHI: Timed out while waiting for GPU to catch up. (0.5 s)
[2017.09.11-13.26.04:066][365]LogSlate: Took 0.000191 seconds to synchronously load lazily loaded font '../../../Engine/Content/Slate/Fonts/Roboto-Light.ttf' (159K)
[2017.09.11-13.26.36:910][450]LogTexture: Display: Building textures: tex_variation_diff (AutoDXT, 64X64)
[2017.09.11-13.26.36:910][450]LogTexture: Display: Building textures: tex_snow_mask1 (AutoDXT, 1024X1024)
[2017.09.11-13.26.36:910][450]LogTexture: Display: Building textures: tex_snow_diff (BGRA8, 600X450)
[2017.09.11-13.26.36:910][450]LogMaterial: Missing cached shader map for material M_grass_pro, compiling. 
[2017.09.11-13.26.37:052][450]LogSlate: Took 0.000190 seconds to synchronously load lazily loaded font '../../../Engine/Content/Slate/Fonts/Roboto-Light.ttf' (159K)
[2017.09.11-13.26.37:179][450]LogContentBrowser: Native class hierarchy updated for 'MaterialEditor' in 0.0010 seconds. Added 1 classes and 0 folders.
[2017.09.11-13.26.37:780][450]LogRenderer: Reallocating scene render targets to support 1036x892 Format 10 NumSamples 1 (Frame:1).
[2017.09.11-13.27.51:474][382]LogMaterial: Missing cached shader map for material FDebugViewModeMaterialProxy M_grass_pro_Inst, compiling. 
[2017.09.11-13.27.52:109][382]TextureStreamingBuild: Display: Compiling optional shaders took 0.663 seconds.
[2017.09.11-13.28.04:306][176]LogMaterial: Missing cached shader map for material FDebugViewModeMaterialProxy M_grass_basic_Inst, compiling. 
[2017.09.11-13.28.04:478][176]TextureStreamingBuild: Display: Compiling optional shaders took 0.176 seconds.
[2017.09.11-13.28.11:229][598]Cmd: MAP LOAD FILE="C:/Users/Admin/Documents/Unreal Projects/vegetation_pack/Content/Maps/example_map_highend.umap" TEMPLATE=0 SHOWPROGRESS=1 FEATURELEVEL=3
[2017.09.11-13.28.11:241][598]LightingResults: New page: Lighting Build
[2017.09.11-13.28.11:244][598]LoadErrors: New page: Loading map: example_map_highend.umap
[2017.09.11-13.28.11:247][598]MapCheck: New page: Map Check
[2017.09.11-13.28.11:247][598]LightingResults: New page: Lighting Build
[2017.09.11-13.28.11:494][598]LogTexture: Display: Building textures: Texture2D_5 (BGRA8, 64X64)
[2017.09.11-13.28.11:495][598]LogTexture: Display: Building textures: Texture2D_2 (BGRA8, 64X64)
[2017.09.11-13.28.11:566][598]LogActorComponent: UnregisterComponent: (/Game/Maps/example_map_highend.example_map_highend:PersistentLevel.InstancedFoliageActor_0.FoliageInstancedStaticMeshComponent_0) Not registered. Aborting.
[2017.09.11-13.28.11:619][598]LogActorComponent: UnregisterComponent: (/Game/Maps/example_map_highend.example_map_highend:PersistentLevel.InstancedFoliageActor_0.FoliageInstancedStaticMeshComponent_1) Not registered. Aborting.
[2017.09.11-13.28.11:669][598]LogActorComponent: UnregisterComponent: (/Game/Maps/example_map_highend.example_map_highend:PersistentLevel.InstancedFoliageActor_0.FoliageInstancedStaticMeshComponent_2) Not registered. Aborting.
[2017.09.11-13.28.11:720][598]LogActorComponent: UnregisterComponent: (/Game/Maps/example_map_highend.example_map_highend:PersistentLevel.InstancedFoliageActor_0.FoliageInstancedStaticMeshComponent_3) Not registered. Aborting.
[2017.09.11-13.28.11:771][598]LogActorComponent: UnregisterComponent: (/Game/Maps/example_map_highend.example_map_highend:PersistentLevel.InstancedFoliageActor_0.FoliageInstancedStaticMeshComponent_4) Not registered. Aborting.
[2017.09.11-13.28.11:812][598]LogActorComponent: UnregisterComponent: (/Game/Maps/example_map_highend.example_map_highend:PersistentLevel.InstancedFoliageActor_0.FoliageInstancedStaticMeshComponent_5) Not registered. Aborting.
[2017.09.11-13.28.11:813][598]LogActorComponent: UnregisterComponent: (/Game/Maps/example_map_highend.example_map_highend:PersistentLevel.InstancedFoliageActor_0.FoliageInstancedStaticMeshComponent_6) Not registered. Aborting.
[2017.09.11-13.28.11:814][598]LogActorComponent: UnregisterComponent: (/Game/Maps/example_map_highend.example_map_highend:PersistentLevel.InstancedFoliageActor_0.FoliageInstancedStaticMeshComponent_7) Not registered. Aborting.
[2017.09.11-13.28.11:814][598]LogActorComponent: UnregisterComponent: (/Game/Maps/example_map_highend.example_map_highend:PersistentLevel.InstancedFoliageActor_0.FoliageInstancedStaticMeshComponent_8) Not registered. Aborting.
[2017.09.11-13.28.11:815][598]LogActorComponent: UnregisterComponent: (/Game/Maps/example_map_highend.example_map_highend:PersistentLevel.InstancedFoliageActor_0.FoliageInstancedStaticMeshComponent_9) Not registered. Aborting.
[2017.09.11-13.28.11:815][598]LogActorComponent: UnregisterComponent: (/Game/Maps/example_map_highend.example_map_highend:PersistentLevel.InstancedFoliageActor_0.FoliageInstancedStaticMeshComponent_10) Not registered. Aborting.
[2017.09.11-13.28.11:873][598]LogMaterial: Missing cached shader map for material M_landscape, compiling. 
[2017.09.11-13.28.11:926][598]LogAIModule: Creating AISystem for world example_map_highend
[2017.09.11-13.28.11:935][598]LogActorComponent: RegisterComponentWithWorld: (/Game/Maps/example_map_highend.example_map_highend:PersistentLevel.WorldSettings_1.StaticMeshComponent0) Trying to register component with IsPendingKill() == true. Aborting.
[2017.09.11-13.28.12:104][598]LogEditorServer: Finished looking for orphan Actors (0.000 secs)
[2017.09.11-13.28.13:893][598]Cmd: MAP CHECKDEP NOCLEARLOG
[2017.09.11-13.28.13:956][598]MapCheck: Map check complete: 0 Error(s), 0 Warning(s), took 63.171ms to complete.
[2017.09.11-13.28.13:956][598]LogFileHelpers: Loading map 'example_map_highend' took 2.728
[2017.09.11-13.28.28:938][517]LogMaterial: Missing cached shader map for material FDebugViewModeMaterialProxy M_grass_basic_Inst, compiling. 
[2017.09.11-13.28.29:130][517]TextureStreamingBuild: Display: Compiling optional shaders took 0.197 seconds.
[2017.09.11-13.28.32:144][611]Cmd: QUIT_EDITOR
[2017.09.11-13.28.32:158][611]LogWindowsTextInputMethodSystem: Display: IME system now deactivated.
[2017.09.11-13.28.32:168][611]LogExit: Preparing to exit.
[2017.09.11-13.28.32:686][611]LogExit: Editor shut down
[2017.09.11-13.28.32:691][611]LogExit: Transaction tracking system shut down
[2017.09.11-13.28.32:855][611]LogDirectoryWatcher: A directory notification for '../../../Engine/Content/' was aborted.
[2017.09.11-13.28.32:855][611]LogDirectoryWatcher: A directory notification for 'C:/Users/Admin/Documents/Unreal Projects/vegetation_pack/Content/' was aborted.
[2017.09.11-13.28.32:855][611]LogDirectoryWatcher: A directory notification for '../../../Engine/Plugins/2D/Paper2D/Content/' was aborted.
[2017.09.11-13.28.32:855][611]LogDirectoryWatcher: A directory notification for '../../../Engine/Plugins/Runtime/Oculus/OculusVR/Content/' was aborted.
[2017.09.11-13.28.32:855][611]LogDirectoryWatcher: A directory notification for '../../../Engine/Plugins/Runtime/Steam/SteamVR/Content/' was aborted.
[2017.09.11-13.28.32:928][611]LogExit: Object subsystem successfully closed.
[2017.09.11-13.28.32:956][611]LogD3D11RHI: Shutdown
[2017.09.11-13.28.32:956][611]LogD3D11RHI: CleanupD3DDevice
[2017.09.11-13.28.32:960][611]LogD3D11RHI: ~FD3D11DynamicRHI
[2017.09.11-13.28.32:973][611]LogModuleManager: Shutting down and abandoning module MaterialEditor (532)
[2017.09.11-13.28.32:973][611]LogModuleManager: Shutting down and abandoning module HierarchicalLODOutliner (530)
[2017.09.11-13.28.32:973][611]LogModuleManager: Shutting down and abandoning module SceneOutliner (528)
[2017.09.11-13.28.32:973][611]LogModuleManager: Shutting down and abandoning module AddContentDialog (526)
[2017.09.11-13.28.32:973][611]LogDirectoryWatcher: A directory notification for 'J:/UE_4.17/FeaturePacks/' was aborted.
[2017.09.11-13.28.32:977][611]LogModuleManager: Shutting down and abandoning module WidgetCarousel (525)
[2017.09.11-13.28.32:977][611]LogModuleManager: Shutting down and abandoning module EditorWidgets (522)
[2017.09.11-13.28.32:977][611]LogModuleManager: Shutting down and abandoning module CollectionManager (520)
[2017.09.11-13.28.32:977][611]LogDirectoryWatcher: A directory notification for 'C:/Users/Admin/Documents/Unreal Projects/vegetation_pack/Content/Collections/' was aborted.
[2017.09.11-13.28.32:977][611]LogDirectoryWatcher: A directory notification for 'C:/Users/Admin/Documents/Unreal Projects/vegetation_pack/Content/Developers/Admin/Collections/' was aborted.
[2017.09.11-13.28.32:977][611]LogDirectoryWatcher: A directory notification for 'C:/Users/Admin/Documents/Unreal Projects/vegetation_pack/Saved/Collections/' was aborted.
[2017.09.11-13.28.32:977][611]LogModuleManager: Shutting down and abandoning module StatsViewer (518)
[2017.09.11-13.28.32:978][611]LogModuleManager: Shutting down and abandoning module FoliageEdit (516)
[2017.09.11-13.28.32:978][611]LogModuleManager: Shutting down and abandoning module LandscapeEditor (514)
[2017.09.11-13.28.32:978][611]LogModuleManager: Shutting down and abandoning module MeshPaintMode (512)
[2017.09.11-13.28.32:978][611]LogModuleManager: Shutting down and abandoning module SceneDepthPickerMode (510)
[2017.09.11-13.28.32:978][611]LogModuleManager: Shutting down and abandoning module ActorPickerMode (508)
[2017.09.11-13.28.32:978][611]LogModuleManager: Shutting down and abandoning module GeometryMode (506)
[2017.09.11-13.28.32:978][611]LogModuleManager: Shutting down and abandoning module TextureAlignMode (504)
[2017.09.11-13.28.32:978][611]LogModuleManager: Shutting down and abandoning module BspMode (502)
[2017.09.11-13.28.32:978][611]LogModuleManager: Shutting down and abandoning module PIEPreviewDeviceProfileSelector (500)
[2017.09.11-13.28.32:978][611]LogModuleManager: Shutting down and abandoning module HardwareSurvey (498)
[2017.09.11-13.28.32:978][611]LogModuleManager: Shutting down and abandoning module SequenceRecorderSections (496)
[2017.09.11-13.28.32:978][611]LogModuleManager: Shutting down and abandoning module AutomationWorker (494)
[2017.09.11-13.28.32:978][611]LogModuleManager: Shutting down and abandoning module MatineeToLevelSequence (492)
[2017.09.11-13.28.32:978][611]LogModuleManager: Shutting down and abandoning module LevelSequenceEditor (490)
[2017.09.11-13.28.32:978][611]LogModuleManager: Shutting down and abandoning module PlacementMode (489)
[2017.09.11-13.28.32:978][611]LogModuleManager: Shutting down and abandoning module WmfMediaFactory (486)
[2017.09.11-13.28.32:978][611]LogModuleManager: Shutting down and abandoning module WmfMediaEditor (484)
[2017.09.11-13.28.32:978][611]LogModuleManager: Shutting down and abandoning module AvfMediaFactory (482)
[2017.09.11-13.28.32:978][611]LogModuleManager: Shutting down and abandoning module AvfMediaEditor (480)
[2017.09.11-13.28.32:978][611]LogModuleManager: Shutting down and abandoning module AndroidMediaFactory (478)
[2017.09.11-13.28.32:978][611]LogModuleManager: Shutting down and abandoning module Media (477)
[2017.09.11-13.28.32:978][611]LogModuleManager: Shutting down and abandoning module AndroidMediaEditor (474)
[2017.09.11-13.28.32:978][611]LogModuleManager: Shutting down and abandoning module CharacterAI (472)
[2017.09.11-13.28.32:978][611]LogModuleManager: Shutting down and abandoning module AudioCapture (470)
[2017.09.11-13.28.32:978][611]LogModuleManager: Shutting down and abandoning module SequenceRecorder (469)
[2017.09.11-13.28.32:978][611]LogModuleManager: Shutting down and abandoning module SmartSnapping (466)
[2017.09.11-13.28.32:978][611]LogModuleManager: Shutting down and abandoning module SessionServices (464)
[2017.09.11-13.28.32:978][611]LogModuleManager: Shutting down and abandoning module ViewportSnapping (462)
[2017.09.11-13.28.32:978][611]LogModuleManager: Shutting down and abandoning module ViewportInteraction (460)
[2017.09.11-13.28.32:978][611]LogModuleManager: Shutting down and abandoning module ClothPainter (458)
[2017.09.11-13.28.32:978][611]LogModuleManager: Shutting down and abandoning module LogVisualizer (456)
[2017.09.11-13.28.32:978][611]LogModuleManager: Shutting down and abandoning module IntroTutorials (454)
[2017.09.11-13.28.32:979][611]LogModuleManager: Shutting down and abandoning module GameProjectGeneration (453)
[2017.09.11-13.28.32:979][611]LogModuleManager: Shutting down and abandoning module IOSPlatformEditor (450)
[2017.09.11-13.28.32:979][611]LogModuleManager: Shutting down and abandoning module HTML5PlatformEditor (448)
[2017.09.11-13.28.32:979][611]LogModuleManager: Shutting down and abandoning module AndroidPlatformEditor (446)
[2017.09.11-13.28.32:979][611]LogModuleManager: Shutting down and abandoning module AndroidDeviceDetection (445)
[2017.09.11-13.28.33:800][611]LogModuleManager: Shutting down and abandoning module WindowsPlatformEditor (442)
[2017.09.11-13.28.33:800][611]LogModuleManager: Shutting down and abandoning module IOSRuntimeSettings (440)
[2017.09.11-13.28.33:800][611]LogModuleManager: Shutting down and abandoning module AndroidRuntimeSettings (438)
[2017.09.11-13.28.33:800][611]LogModuleManager: Shutting down and abandoning module InputBindingEditor (436)
[2017.09.11-13.28.33:800][611]LogModuleManager: Shutting down and abandoning module MergeActors (434)
[2017.09.11-13.28.33:800][611]LogModuleManager: Shutting down and abandoning module SizeMap (432)
[2017.09.11-13.28.33:800][611]LogModuleManager: Shutting down and abandoning module TreeMap (430)
[2017.09.11-13.28.33:800][611]LogModuleManager: Shutting down and abandoning module ReferenceViewer (428)
[2017.09.11-13.28.33:800][611]LogModuleManager: Shutting down and abandoning module LocalizationDashboard (426)
[2017.09.11-13.28.33:800][611]LogModuleManager: Shutting down and abandoning module LocalizationService (425)
[2017.09.11-13.28.33:800][611]LogModuleManager: Shutting down and abandoning module HardwareTargeting (422)
[2017.09.11-13.28.33:800][611]LogModuleManager: Shutting down and abandoning module DeviceProfileEditor (420)
[2017.09.11-13.28.33:800][611]LogModuleManager: Shutting down and abandoning module UndoHistory (418)
[2017.09.11-13.28.33:800][611]LogModuleManager: Shutting down and abandoning module XmlParser (416)
[2017.09.11-13.28.33:800][611]LogModuleManager: Shutting down and abandoning module Blutility (414)
[2017.09.11-13.28.33:800][611]LogModuleManager: Shutting down and abandoning module ProjectSettingsViewer (412)
[2017.09.11-13.28.33:801][611]LogModuleManager: Shutting down and abandoning module ProjectTargetPlatformEditor (411)
[2017.09.11-13.28.33:801][611]LogModuleManager: Shutting down and abandoning module EditorSettingsViewer (408)
[2017.09.11-13.28.33:801][611]LogModuleManager: Shutting down and abandoning module SettingsEditor (406)
[2017.09.11-13.28.33:801][611]LogModuleManager: Shutting down and abandoning module ProjectLauncher (404)
[2017.09.11-13.28.33:801][611]LogModuleManager: Shutting down and abandoning module SessionFrontend (402)
[2017.09.11-13.28.33:801][611]LogModuleManager: Shutting down and abandoning module ProfilerClient (400)
[2017.09.11-13.28.33:801][611]LogModuleManager: Shutting down and abandoning module DeviceManager (398)
[2017.09.11-13.28.33:801][611]LogModuleManager: Shutting down and abandoning module TargetDeviceServices (397)
[2017.09.11-13.28.33:853][611]LogModuleManager: Shutting down and abandoning module AutomationController (394)
[2017.09.11-13.28.33:853][611]LogModuleManager: Shutting down and abandoning module AutomationWindow (392)
[2017.09.11-13.28.33:853][611]LogModuleManager: Shutting down and abandoning module Layers (390)
[2017.09.11-13.28.33:853][611]LogModuleManager: Shutting down and abandoning module ComponentVisualizers (388)
[2017.09.11-13.28.33:853][611]LogModuleManager: Shutting down and abandoning module DetailCustomizations (386)
[2017.09.11-13.28.33:853][611]LogModuleManager: Shutting down and abandoning module PackagesDialog (384)
[2017.09.11-13.28.33:854][611]LogModuleManager: Shutting down and abandoning module Persona (382)
[2017.09.11-13.28.33:854][611]LogModuleManager: Shutting down and abandoning module AdvancedPreviewScene (381)
[2017.09.11-13.28.33:854][611]LogModuleManager: Shutting down and abandoning module AnimGraph (379)
[2017.09.11-13.28.33:854][611]LogModuleManager: Shutting down and abandoning module Kismet (376)
[2017.09.11-13.28.33:855][611]LogModuleManager: Shutting down and abandoning module ClassViewer (374)
[2017.09.11-13.28.33:855][611]LogModuleManager: Shutting down and abandoning module Toolbox (372)
[2017.09.11-13.28.33:855][611]LogModuleManager: Shutting down and abandoning module ModuleUI (370)
[2017.09.11-13.28.33:855][611]LogModuleManager: Shutting down and abandoning module MovieSceneTools (368)
[2017.09.11-13.28.33:855][611]LogModuleManager: Shutting down and abandoning module OutputLog (366)
[2017.09.11-13.28.33:855][611]LogModuleManager: Shutting down and abandoning module GammaUI (364)
[2017.09.11-13.28.33:855][611]LogModuleManager: Shutting down and abandoning module Documentation (362)
[2017.09.11-13.28.33:855][611]LogModuleManager: Shutting down and abandoning module MovieSceneTracks (360)
[2017.09.11-13.28.33:855][611]LogModuleManager: Shutting down and abandoning module MovieScene (358)
[2017.09.11-13.28.33:855][611]LogModuleManager: Shutting down and abandoning module Niagara (356)
[2017.09.11-13.28.33:855][611]LogModuleManager: Shutting down and abandoning module NiagaraEditor (355)
[2017.09.11-13.28.33:855][611]LogModuleManager: Shutting down and abandoning module StreamingPauseRendering (352)
[2017.09.11-13.28.33:855][611]LogModuleManager: Shutting down and abandoning module LauncherPlatform (350)
[2017.09.11-13.28.33:855][611]LogModuleManager: Shutting down and abandoning module AnalyticsET (348)
[2017.09.11-13.28.33:855][611]LogModuleManager: Shutting down and abandoning module PortalServices (346)
[2017.09.11-13.28.33:855][611]LogModuleManager: Shutting down and abandoning module PortalRpc (344)
[2017.09.11-13.28.33:855][611]LogModuleManager: Shutting down and abandoning module MessagingRpc (342)
[2017.09.11-13.28.33:855][611]LogModuleManager: Shutting down and abandoning module AIModule (340)
[2017.09.11-13.28.33:856][611]LogModuleManager: Shutting down and abandoning module GameplayDebugger (339)
[2017.09.11-13.28.33:856][611]LogModuleManager: Shutting down and abandoning module AITestSuite (337)
[2017.09.11-13.28.33:856][611]LogModuleManager: Shutting down and abandoning module ProfilerService (334)
[2017.09.11-13.28.33:944][611]LogModuleManager: Shutting down and abandoning module TaskGraph (332)
[2017.09.11-13.28.33:944][611]LogModuleManager: Shutting down and abandoning module SteamVRController (330)
[2017.09.11-13.28.33:944][611]LogModuleManager: Shutting down and abandoning module ProceduralMeshComponentEditor (328)
[2017.09.11-13.28.33:944][611]LogModuleManager: Shutting down and abandoning module ProceduralMeshComponent (326)
[2017.09.11-13.28.33:944][611]LogModuleManager: Shutting down and abandoning module OculusInput (324)
[2017.09.11-13.28.33:944][611]LogModuleManager: Shutting down and abandoning module MobilePatchingUtils (322)
[2017.09.11-13.28.33:944][611]LogModuleManager: Shutting down and abandoning module CustomMeshComponent (320)
[2017.09.11-13.28.33:944][611]LogModuleManager: Shutting down and abandoning module CableComponent (318)
[2017.09.11-13.28.33:944][611]LogModuleManager: Shutting down and abandoning module ArchVisCharacter (316)
[2017.09.11-13.28.33:944][611]LogModuleManager: Shutting down and abandoning module AndroidPermission (314)
[2017.09.11-13.28.33:944][611]LogModuleManager: Shutting down and abandoning module MediaPlayerEditor (310)
[2017.09.11-13.28.33:944][611]LogModuleManager: Shutting down and abandoning module HTML5Networking (308)
[2017.09.11-13.28.33:944][611]LogModuleManager: Shutting down and abandoning module AlembicImporter (306)
[2017.09.11-13.28.33:944][611]LogModuleManager: Shutting down and abandoning module AlembicLibrary (305)
[2017.09.11-13.28.33:945][611]LogModuleManager: Shutting down and abandoning module GeometryCache (304)
[2017.09.11-13.28.33:945][611]LogModuleManager: Shutting down and abandoning module GeometryCacheEd (303)
[2017.09.11-13.28.33:945][611]LogModuleManager: Shutting down and abandoning module SpeedTreeImporter (298)
[2017.09.11-13.28.33:945][611]LogModuleManager: Shutting down and abandoning module PluginBrowser (296)
[2017.09.11-13.28.33:945][611]LogModuleManager: Shutting down and abandoning module MobileLauncherProfileWizard (294)
[2017.09.11-13.28.33:945][611]LogModuleManager: Shutting down and abandoning module VisualStudioSourceCodeAccess (292)
[2017.09.11-13.28.33:945][611]LogModuleManager: Shutting down and abandoning module DesktopPlatform (291)
[2017.09.11-13.28.33:945][611]LogModuleManager: Shutting down and abandoning module UObjectPlugin (288)
[2017.09.11-13.28.33:945][611]LogModuleManager: Shutting down and abandoning module SubversionSourceControl (286)
[2017.09.11-13.28.33:945][611]LogModuleManager: Shutting down and abandoning module PerforceSourceControl (284)
[2017.09.11-13.28.33:945][611]LogModuleManager: Shutting down and abandoning module GitSourceControl (282)
[2017.09.11-13.28.33:945][611]LogModuleManager: Shutting down and abandoning module SourceControl (281)
[2017.09.11-13.28.33:945][611]LogModuleManager: Shutting down and abandoning module LightPropagationVolumeEditor (278)
[2017.09.11-13.28.33:945][611]LogModuleManager: Shutting down and abandoning module PaperTiledImporter (276)
[2017.09.11-13.28.33:945][611]LogModuleManager: Shutting down and abandoning module PaperSpriteSheetImporter (274)
[2017.09.11-13.28.33:945][611]LogModuleManager: Shutting down and abandoning module Paper2DEditor (272)
[2017.09.11-13.28.33:945][611]LogModuleManager: Shutting down and abandoning module MeshPaint (271)
[2017.09.11-13.28.33:945][611]LogModuleManager: Shutting down and abandoning module LevelEditor (269)
[2017.09.11-13.28.33:946][611]LogModuleManager: Shutting down and abandoning module PixelInspectorModule (268)
[2017.09.11-13.28.33:946][611]LogModuleManager: Shutting down and abandoning module MainFrame (266)
[2017.09.11-13.28.33:946][611]LogModuleManager: Shutting down and abandoning module HotReload (265)
[2017.09.11-13.28.33:947][611]LogModuleManager: Shutting down and abandoning module RuntimePhysXCooking (260)
[2017.09.11-13.28.33:947][611]LogModuleManager: Shutting down and abandoning module PhysXVehiclesEditor (258)
[2017.09.11-13.28.33:947][611]LogModuleManager: Shutting down and abandoning module PhysXVehicles (256)
[2017.09.11-13.28.33:947][611]LogModuleManager: Shutting down and abandoning module OculusEditor (254)
[2017.09.11-13.28.33:947][611]LogModuleManager: Shutting down and abandoning module LocationServicesBPLibrary (252)
[2017.09.11-13.28.33:947][611]LogModuleManager: Shutting down and abandoning module ImmediatePhysicsEditor (250)
[2017.09.11-13.28.33:947][611]LogModuleManager: Shutting down and abandoning module ImmediatePhysics (248)
[2017.09.11-13.28.33:947][611]LogModuleManager: Shutting down and abandoning module UdpMessaging (246)
[2017.09.11-13.28.34:048][611]LogModuleManager: Shutting down and abandoning module TcpMessaging (244)
[2017.09.11-13.28.34:148][611]LogModuleManager: Shutting down and abandoning module GameplayTagsEditor (242)
[2017.09.11-13.28.34:148][611]LogModuleManager: Shutting down and abandoning module FacialAnimationEditor (240)
[2017.09.11-13.28.34:148][611]LogModuleManager: Shutting down and abandoning module FacialAnimation (238)
[2017.09.11-13.28.34:148][611]LogModuleManager: Shutting down and abandoning module AssetManagerEditor (236)
[2017.09.11-13.28.34:148][611]LogModuleManager: Shutting down and abandoning module GraphEditor (235)
[2017.09.11-13.28.34:148][611]LogModuleManager: Shutting down and abandoning module ContentBrowser (233)
[2017.09.11-13.28.34:149][611]LogModuleManager: Shutting down and abandoning module LightPropagationVolumeRuntime (230)
[2017.09.11-13.28.34:149][611]LogModuleManager: Shutting down and abandoning module Paper2D (228)
[2017.09.11-13.28.34:149][611]LogModuleManager: Shutting down and abandoning module WindowsMoviePlayer (226)
[2017.09.11-13.28.34:149][611]LogModuleManager: Shutting down and abandoning module WmfMedia (224)
[2017.09.11-13.28.34:149][611]LogModuleManager: Shutting down and abandoning module PacketHandler (222)
[2017.09.11-13.28.34:149][611]LogModuleManager: Shutting down and abandoning module ClothingSystemEditor (220)
[2017.09.11-13.28.34:149][611]LogModuleManager: Shutting down and abandoning module ClothingSystemRuntime (218)
[2017.09.11-13.28.34:149][611]LogModuleManager: Shutting down and abandoning module Overlay (216)
[2017.09.11-13.28.34:149][611]LogModuleManager: Shutting down and abandoning module OverlayEditor (215)
[2017.09.11-13.28.34:149][611]LogModuleManager: Shutting down and abandoning module MediaAssets (212)
[2017.09.11-13.28.34:149][611]LogModuleManager: Shutting down and abandoning module VREditor (210)
[2017.09.11-13.28.34:149][611]LogModuleManager: Shutting down and abandoning module StringTableEditor (208)
[2017.09.11-13.28.34:149][611]LogModuleManager: Shutting down and abandoning module GameplayTasksEditor (206)
[2017.09.11-13.28.34:149][611]LogModuleManager: Shutting down and abandoning module BehaviorTreeEditor (204)
[2017.09.11-13.28.34:149][611]LogModuleManager: Shutting down and abandoning module FunctionalTesting (202)
[2017.09.11-13.28.34:149][611]LogModuleManager: Shutting down and abandoning module CollisionAnalyzer (200)
[2017.09.11-13.28.34:149][611]LogModuleManager: Shutting down and abandoning module WorkspaceMenuStructure (199)
[2017.09.11-13.28.34:149][611]LogModuleManager: Shutting down and abandoning module UMG (196)
[2017.09.11-13.28.34:149][611]LogModuleManager: Shutting down and abandoning module UMGEditor (195)
[2017.09.11-13.28.34:149][611]LogModuleManager: Shutting down and abandoning module Sequencer (194)
[2017.09.11-13.28.34:149][611]LogModuleManager: Shutting down and abandoning module MessageLog (191)
[2017.09.11-13.28.34:149][611]LogModuleManager: Shutting down and abandoning module SlateReflector (186)
[2017.09.11-13.28.34:150][611]LogModuleManager: Shutting down and abandoning module Slate (184)
[2017.09.11-13.28.34:150][611]LogModuleManager: Shutting down and abandoning module EditorStyle (182)
[2017.09.11-13.28.34:152][611]LogModuleManager: Shutting down and abandoning module MRMesh (180)
[2017.09.11-13.28.34:152][611]LogModuleManager: Shutting down and abandoning module SourceCodeAccess (178)
[2017.09.11-13.28.34:152][611]LogModuleManager: Shutting down and abandoning module HeadMountedDisplay (176)
[2017.09.11-13.28.34:152][611]LogModuleManager: Shutting down and abandoning module XAudio2 (174)
[2017.09.11-13.28.34:152][611]LogModuleManager: Shutting down and abandoning module Networking (172)
[2017.09.11-13.28.34:152][611]LogModuleManager: Shutting down and abandoning module Core (168)
[2017.09.11-13.28.34:152][611]LogModuleManager: Shutting down and abandoning module KismetCompiler (164)
[2017.09.11-13.28.34:152][611]LogModuleManager: Shutting down and abandoning module LevelSequence (162)
[2017.09.11-13.28.34:152][611]LogModuleManager: Shutting down and abandoning module MeshUtilities (160)
[2017.09.11-13.28.34:152][611]LogModuleManager: Shutting down and abandoning module MeshMergeUtilities (159)
[2017.09.11-13.28.34:152][611]LogModuleManager: Shutting down and abandoning module MeshReductionInterface (158)
[2017.09.11-13.28.34:152][611]LogModuleManager: Shutting down and abandoning module SimplygonSwarm (157)
[2017.09.11-13.28.34:152][611]LogModuleManager: Shutting down and abandoning module SimplygonMeshReduction (155)
[2017.09.11-13.28.34:152][611]LogModuleManager: Shutting down and abandoning module QuadricMeshReduction (153)
[2017.09.11-13.28.34:152][611]LogModuleManager: Shutting down and abandoning module MaterialBaking (149)
[2017.09.11-13.28.34:152][611]LogModuleManager: Shutting down and abandoning module DirectoryWatcher (146)
[2017.09.11-13.28.34:155][611]LogModuleManager: Shutting down and abandoning module DerivedDataCache (144)
[2017.09.11-13.28.34:196][611]LogDerivedDataCache: Shutdown
[2017.09.11-13.28.34:196][611]LogModuleManager: Shutting down and abandoning module TargetPlatform (142)
[2017.09.11-13.28.34:196][611]LogModuleManager: Shutting down and abandoning module VulkanShaderFormat (141)
[2017.09.11-13.28.34:197][611]LogModuleManager: Shutting down and abandoning module ShaderFormatVectorVM (139)
[2017.09.11-13.28.34:197][611]LogModuleManager: Shutting down and abandoning module ShaderFormatOpenGL (137)
[2017.09.11-13.28.34:197][611]LogModuleManager: Shutting down and abandoning module ShaderFormatD3D (135)
[2017.09.11-13.28.34:197][611]LogModuleManager: Shutting down and abandoning module MetalShaderFormat (133)
[2017.09.11-13.28.34:197][611]LogModuleManager: Shutting down and abandoning module TextureFormatUncompressed (131)
[2017.09.11-13.28.34:197][611]LogModuleManager: Shutting down and abandoning module TextureFormatPVR (129)
[2017.09.11-13.28.34:197][611]LogModuleManager: Shutting down and abandoning module TextureFormatDXT (127)
[2017.09.11-13.28.34:197][611]LogModuleManager: Shutting down and abandoning module TextureFormatIntelISPCTexComp (125)
[2017.09.11-13.28.34:197][611]LogModuleManager: Shutting down and abandoning module TextureFormatASTC (123)
[2017.09.11-13.28.34:197][611]LogModuleManager: Shutting down and abandoning module ImageWrapper (122)
[2017.09.11-13.28.34:197][611]LogModuleManager: Shutting down and abandoning module TextureFormatAndroid (119)
[2017.09.11-13.28.34:197][611]LogModuleManager: Shutting down and abandoning module AudioFormatOpus (117)
[2017.09.11-13.28.34:197][611]LogModuleManager: Shutting down and abandoning module AudioFormatOgg (115)
[2017.09.11-13.28.34:197][611]LogModuleManager: Shutting down and abandoning module AudioFormatADPCM (113)
[2017.09.11-13.28.34:197][611]LogModuleManager: Shutting down and abandoning module LinuxTargetPlatform (111)
[2017.09.11-13.28.34:197][611]LogModuleManager: Shutting down and abandoning module LinuxServerTargetPlatform (109)
[2017.09.11-13.28.34:197][611]LogModuleManager: Shutting down and abandoning module LinuxNoEditorTargetPlatform (107)
[2017.09.11-13.28.34:197][611]LogModuleManager: Shutting down and abandoning module LinuxClientTargetPlatform (105)
[2017.09.11-13.28.34:197][611]LogModuleManager: Shutting down and abandoning module TVOSTargetPlatform (103)
[2017.09.11-13.28.34:197][611]LogModuleManager: Shutting down and abandoning module Messaging (101)
[2017.09.11-13.28.34:197][611]LogModuleManager: Shutting down and abandoning module IOSTargetPlatform (99)
[2017.09.11-13.28.34:197][611]LogModuleManager: Shutting down and abandoning module HTML5TargetPlatform (97)
[2017.09.11-13.28.34:197][611]LogModuleManager: Shutting down and abandoning module Android_PVRTCTargetPlatform (95)
[2017.09.11-13.28.34:197][611]LogModuleManager: Shutting down and abandoning module Android_MultiTargetPlatform (93)
[2017.09.11-13.28.34:197][611]LogModuleManager: Shutting down and abandoning module Android_ETC2TargetPlatform (91)
[2017.09.11-13.28.34:197][611]LogModuleManager: Shutting down and abandoning module Android_ETC1TargetPlatform (89)
[2017.09.11-13.28.34:197][611]LogModuleManager: Shutting down and abandoning module Android_DXTTargetPlatform (87)
[2017.09.11-13.28.34:197][611]LogModuleManager: Shutting down and abandoning module Android_ATCTargetPlatform (85)
[2017.09.11-13.28.34:197][611]LogModuleManager: Shutting down and abandoning module Android_ASTCTargetPlatform (83)
[2017.09.11-13.28.34:197][611]LogModuleManager: Shutting down and abandoning module AndroidTargetPlatform (81)
[2017.09.11-13.28.34:197][611]LogModuleManager: Shutting down and abandoning module WindowsTargetPlatform (79)
[2017.09.11-13.28.34:197][611]LogModuleManager: Shutting down and abandoning module WindowsServerTargetPlatform (77)
[2017.09.11-13.28.34:197][611]LogModuleManager: Shutting down and abandoning module WindowsNoEditorTargetPlatform (75)
[2017.09.11-13.28.34:197][611]LogModuleManager: Shutting down and abandoning module WindowsClientTargetPlatform (73)
[2017.09.11-13.28.34:197][611]LogModuleManager: Shutting down and abandoning module MacTargetPlatform (71)
[2017.09.11-13.28.34:197][611]LogModuleManager: Shutting down and abandoning module MacServerTargetPlatform (69)
[2017.09.11-13.28.34:197][611]LogModuleManager: Shutting down and abandoning module MacNoEditorTargetPlatform (67)
[2017.09.11-13.28.34:197][611]LogModuleManager: Shutting down and abandoning module MacClientTargetPlatform (65)
[2017.09.11-13.28.34:198][611]LogModuleManager: Shutting down and abandoning module AllDesktopTargetPlatform (63)
[2017.09.11-13.28.34:198][611]LogModuleManager: Shutting down and abandoning module InputCore (60)
[2017.09.11-13.28.34:198][611]LogModuleManager: Shutting down and abandoning module Settings (58)
[2017.09.11-13.28.34:198][611]LogModuleManager: Shutting down and abandoning module PhysXCooking (56)
[2017.09.11-13.28.34:198][611]LogModuleManager: Shutting down and abandoning module SteamVR (54)
[2017.09.11-13.28.34:198][611]LogModuleManager: Shutting down and abandoning module OculusHMD (52)
[2017.09.11-13.28.34:198][611]LogModuleManager: Shutting down and abandoning module ExampleDeviceProfileSelector (50)
[2017.09.11-13.28.34:198][611]LogModuleManager: Shutting down and abandoning module OnlineBlueprintSupport (48)
[2017.09.11-13.28.34:198][611]LogModuleManager: Shutting down and abandoning module OnlineSubsystem (44)
[2017.09.11-13.28.34:198][611]LogOnline: Display: Unloading online subsystem: NULL
[2017.09.11-13.28.34:198][611]LogModuleManager: Shutting down and abandoning module XMPP (43)
[2017.09.11-13.28.34:198][611]LogModuleManager: Shutting down and abandoning module HTTP (41)
[2017.09.11-13.28.34:198][611]LogHttp: Display: Http module shutting down, but needs to wait on 1 outstanding Http requests:
[2017.09.11-13.28.34:198][611]LogHttp: Display: 	verb=[POST] url=[https://datarouter.ol.epicgames.com/datarouter/api/v1/public/data?SessionID=%7BE4CD8217-4B2E-FE04-6A74-8BB2A0B37E93%7D&AppID=UEEditor.Rocket.Release&AppVersion=4.17.1-3586342%2B%2B%2BUE4%2BRelease-4.17&UserID=ff761f5d4b27ee23a52340bf121b8d0d%7Ca673a2185fdd4297834c228f6e36c0f3%7C93778242-6a9b-49e3-b220-aee28cbfd798&AppEnvironment=datacollector-binary&UploadType=eteventstream] status=Processing
[2017.09.11-13.28.34:222][611]LogModuleManager: Shutting down and abandoning module SSL (40)
[2017.09.11-13.28.34:223][611]LogModuleManager: Shutting down and abandoning module AnimationModifiers (36)
[2017.09.11-13.28.34:223][611]LogModuleManager: Shutting down and abandoning module PropertyEditor (35)
[2017.09.11-13.28.34:223][611]LogModuleManager: Shutting down and abandoning module AudioEditor (32)
[2017.09.11-13.28.34:223][611]LogModuleManager: Shutting down and abandoning module TextureCompressor (30)
[2017.09.11-13.28.34:223][611]LogModuleManager: Shutting down and abandoning module ShaderCore (28)
[2017.09.11-13.28.34:223][611]LogModuleManager: Shutting down and abandoning module Landscape (26)
[2017.09.11-13.28.34:223][611]LogModuleManager: Shutting down and abandoning module SlateRHIRenderer (24)
[2017.09.11-13.28.34:224][611]LogModuleManager: Shutting down and abandoning module OpenGLDrv (22)
[2017.09.11-13.28.34:224][611]LogModuleManager: Shutting down and abandoning module D3D11RHI (20)
[2017.09.11-13.28.34:224][611]LogModuleManager: Shutting down and abandoning module AnimGraphRuntime (18)
[2017.09.11-13.28.34:224][611]LogModuleManager: Shutting down and abandoning module Renderer (16)
[2017.09.11-13.28.34:224][611]LogModuleManager: Shutting down and abandoning module Engine (14)
[2017.09.11-13.28.34:224][611]LogModuleManager: Shutting down and abandoning module CoreUObject (12)
[2017.09.11-13.28.34:224][611]LogModuleManager: Shutting down and abandoning module NetworkFile (10)
[2017.09.11-13.28.34:224][611]LogModuleManager: Shutting down and abandoning module CookedIterativeFile (8)
[2017.09.11-13.28.34:224][611]LogModuleManager: Shutting down and abandoning module StreamingFile (6)
[2017.09.11-13.28.34:224][611]LogModuleManager: Shutting down and abandoning module SandboxFile (4)
[2017.09.11-13.28.34:224][611]LogModuleManager: Shutting down and abandoning module PakFile (2)
[2017.09.11-13.28.34:227][611]LogExit: Exiting.
[2017.09.11-13.28.34:239][611]Log file closed, 09/11/17 15:28:34
